
state 0
	$accept: .spec $end 

	DATA  shift 10
	CONST  shift 12
	MODULE  shift 11
	PROC  shift 13
	FAULT  shift 14
	INIT  shift 15
	LTL  shift 16
	.  error

	spec  goto 1
	toplevel_body  goto 2
	data_def  goto 3
	module_def  goto 4
	const_def  goto 5
	proc_def  goto 6
	fault_def  goto 7
	init_block  goto 8
	ltl_spec  goto 9

state 1
	$accept:  spec.$end 

	$end  accept
	.  error


state 2
	spec:  toplevel_body.    (1)
	spec:  toplevel_body.spec 

	DATA  shift 10
	CONST  shift 12
	MODULE  shift 11
	PROC  shift 13
	FAULT  shift 14
	INIT  shift 15
	LTL  shift 16
	.  reduce 1 (src line 147)

	spec  goto 17
	toplevel_body  goto 2
	data_def  goto 3
	module_def  goto 4
	const_def  goto 5
	proc_def  goto 6
	fault_def  goto 7
	init_block  goto 8
	ltl_spec  goto 9

state 3
	toplevel_body:  data_def.    (3)

	.  reduce 3 (src line 162)


state 4
	toplevel_body:  module_def.    (4)

	.  reduce 4 (src line 164)


state 5
	toplevel_body:  const_def.    (5)

	.  reduce 5 (src line 165)


state 6
	toplevel_body:  proc_def.    (6)

	.  reduce 6 (src line 166)


state 7
	toplevel_body:  fault_def.    (7)

	.  reduce 7 (src line 167)


state 8
	toplevel_body:  init_block.    (8)

	.  reduce 8 (src line 168)


state 9
	toplevel_body:  ltl_spec.    (9)

	.  reduce 9 (src line 169)


state 10
	data_def:  DATA.IDENTIFIER '{' idents_one '}' ';' 

	IDENTIFIER  shift 18
	.  error


state 11
	module_def:  MODULE.IDENTIFIER '(' parameters_zero ')' '{' module_body_zero '}' ';' 

	IDENTIFIER  shift 19
	.  error


state 12
	const_def:  CONST.IDENTIFIER type ASSIGN expr ';' 

	IDENTIFIER  shift 20
	.  error


state 13
	proc_def:  PROC.IDENTIFIER '(' parameters_zero ')' '{' statements_zero '}' ';' 

	IDENTIFIER  shift 21
	.  error


state 14
	fault_def:  FAULT.SEND '(' parameters_one ')' tag '{' statements_zero '}' ';' 
	fault_def:  FAULT.RECV '(' parameters_one ')' tag '{' statements_zero '}' ';' 
	fault_def:  FAULT.BLOCK tag '{' statements_zero '}' ';' 

	RECV  shift 23
	BLOCK  shift 24
	SEND  shift 22
	.  error


state 15
	init_block:  INIT.'{' initvars_zero '}' ';' 

	'{'  shift 25
	.  error


state 16
	ltl_spec:  LTL.'{' ltl_expr ';' '}' ';' 
	ltl_spec:  LTL.'{' ltl_expr '}' ';' 

	'{'  shift 26
	.  error


state 17
	spec:  toplevel_body spec.    (2)

	.  reduce 2 (src line 154)


state 18
	data_def:  DATA IDENTIFIER.'{' idents_one '}' ';' 

	'{'  shift 27
	.  error


state 19
	module_def:  MODULE IDENTIFIER.'(' parameters_zero ')' '{' module_body_zero '}' ';' 

	'('  shift 28
	.  error


state 20
	const_def:  CONST IDENTIFIER.type ASSIGN expr ';' 

	IDENTIFIER  shift 30
	CHANNEL  shift 32
	'['  shift 31
	.  error

	type  goto 29

state 21
	proc_def:  PROC IDENTIFIER.'(' parameters_zero ')' '{' statements_zero '}' ';' 

	'('  shift 33
	.  error


state 22
	fault_def:  FAULT SEND.'(' parameters_one ')' tag '{' statements_zero '}' ';' 

	'('  shift 34
	.  error


state 23
	fault_def:  FAULT RECV.'(' parameters_one ')' tag '{' statements_zero '}' ';' 

	'('  shift 35
	.  error


state 24
	fault_def:  FAULT BLOCK.tag '{' statements_zero '}' ';' 

	'@'  shift 37
	.  error

	tag  goto 36

state 25
	init_block:  INIT '{'.initvars_zero '}' ';' 
	initvars_zero: .    (25)

	IDENTIFIER  shift 41
	.  reduce 25 (src line 240)

	initvars_zero  goto 38
	initvars_one  goto 39
	initvar  goto 40

state 26
	ltl_spec:  LTL '{'.ltl_expr ';' '}' ';' 
	ltl_spec:  LTL '{'.ltl_expr '}' ';' 

	IDENTIFIER  shift 53
	NOT  shift 45
	'('  shift 44
	'X'  shift 46
	'G'  shift 47
	'F'  shift 48
	'Y'  shift 49
	'Z'  shift 50
	'H'  shift 51
	'O'  shift 52
	.  error

	ltl_expr  goto 42
	ltl_atom  goto 43

state 27
	data_def:  DATA IDENTIFIER '{'.idents_one '}' ';' 

	IDENTIFIER  shift 55
	.  error

	idents_one  goto 54

state 28
	module_def:  MODULE IDENTIFIER '('.parameters_zero ')' '{' module_body_zero '}' ';' 
	parameters_zero: .    (119)

	IDENTIFIER  shift 59
	.  reduce 119 (src line 634)

	parameters_zero  goto 56
	parameters_one  goto 57
	parameter  goto 58

state 29
	const_def:  CONST IDENTIFIER type.ASSIGN expr ';' 

	ASSIGN  shift 60
	.  error


state 30
	type:  IDENTIFIER.    (131)

	.  reduce 131 (src line 692)


state 31
	type:  '['.']' type 

	']'  shift 61
	.  error


state 32
	type:  CHANNEL.'{' types_one '}' 
	type:  CHANNEL.'[' ']' '{' types_one '}' 
	type:  CHANNEL.'[' expr ']' '{' types_one '}' 

	'{'  shift 62
	'['  shift 63
	.  error


state 33
	proc_def:  PROC IDENTIFIER '('.parameters_zero ')' '{' statements_zero '}' ';' 
	parameters_zero: .    (119)

	IDENTIFIER  shift 59
	.  reduce 119 (src line 634)

	parameters_zero  goto 64
	parameters_one  goto 57
	parameter  goto 58

state 34
	fault_def:  FAULT SEND '('.parameters_one ')' tag '{' statements_zero '}' ';' 

	IDENTIFIER  shift 59
	.  error

	parameters_one  goto 65
	parameter  goto 58

state 35
	fault_def:  FAULT RECV '('.parameters_one ')' tag '{' statements_zero '}' ';' 

	IDENTIFIER  shift 59
	.  error

	parameters_one  goto 66
	parameter  goto 58

state 36
	fault_def:  FAULT BLOCK tag.'{' statements_zero '}' ';' 

	'{'  shift 67
	.  error


state 37
	tag:  '@'.IDENTIFIER 

	IDENTIFIER  shift 68
	.  error


state 38
	init_block:  INIT '{' initvars_zero.'}' ';' 

	'}'  shift 69
	.  error


state 39
	initvars_zero:  initvars_one.    (26)

	.  reduce 26 (src line 245)


state 40
	initvars_one:  initvar.    (27)
	initvars_one:  initvar.',' 
	initvars_one:  initvar.',' initvars_one 

	','  shift 70
	.  reduce 27 (src line 250)


state 41
	initvar:  IDENTIFIER.':' type tags_zero 
	initvar:  IDENTIFIER.':' IDENTIFIER '(' arguments_one ')' tags_zero 

	':'  shift 71
	.  error


state 42
	ltl_spec:  LTL '{' ltl_expr.';' '}' ';' 
	ltl_spec:  LTL '{' ltl_expr.'}' ';' 
	ltl_expr:  ltl_expr.LAND ltl_expr 
	ltl_expr:  ltl_expr.LOR ltl_expr 
	ltl_expr:  ltl_expr.XOR ltl_expr 
	ltl_expr:  ltl_expr.THEN ltl_expr 
	ltl_expr:  ltl_expr.EQL ltl_expr 
	ltl_expr:  ltl_expr.NEQ ltl_expr 
	ltl_expr:  ltl_expr.'U' ltl_expr 
	ltl_expr:  ltl_expr.'V' ltl_expr 
	ltl_expr:  ltl_expr.'S' ltl_expr 
	ltl_expr:  ltl_expr.'T' ltl_expr 

	XOR  shift 76
	LAND  shift 74
	LOR  shift 75
	EQL  shift 78
	NEQ  shift 79
	THEN  shift 77
	'}'  shift 73
	';'  shift 72
	'U'  shift 80
	'V'  shift 81
	'S'  shift 82
	'T'  shift 83
	.  error


state 43
	ltl_expr:  ltl_atom.    (94)

	.  reduce 94 (src line 528)


state 44
	ltl_expr:  '('.ltl_expr ')' 

	IDENTIFIER  shift 53
	NOT  shift 45
	'('  shift 44
	'X'  shift 46
	'G'  shift 47
	'F'  shift 48
	'Y'  shift 49
	'Z'  shift 50
	'H'  shift 51
	'O'  shift 52
	.  error

	ltl_expr  goto 84
	ltl_atom  goto 43

state 45
	ltl_expr:  NOT.ltl_expr 

	IDENTIFIER  shift 53
	NOT  shift 45
	'('  shift 44
	'X'  shift 46
	'G'  shift 47
	'F'  shift 48
	'Y'  shift 49
	'Z'  shift 50
	'H'  shift 51
	'O'  shift 52
	.  error

	ltl_expr  goto 85
	ltl_atom  goto 43

state 46
	ltl_expr:  'X'.ltl_expr 

	IDENTIFIER  shift 53
	NOT  shift 45
	'('  shift 44
	'X'  shift 46
	'G'  shift 47
	'F'  shift 48
	'Y'  shift 49
	'Z'  shift 50
	'H'  shift 51
	'O'  shift 52
	.  error

	ltl_expr  goto 86
	ltl_atom  goto 43

state 47
	ltl_expr:  'G'.ltl_expr 

	IDENTIFIER  shift 53
	NOT  shift 45
	'('  shift 44
	'X'  shift 46
	'G'  shift 47
	'F'  shift 48
	'Y'  shift 49
	'Z'  shift 50
	'H'  shift 51
	'O'  shift 52
	.  error

	ltl_expr  goto 87
	ltl_atom  goto 43

state 48
	ltl_expr:  'F'.ltl_expr 

	IDENTIFIER  shift 53
	NOT  shift 45
	'('  shift 44
	'X'  shift 46
	'G'  shift 47
	'F'  shift 48
	'Y'  shift 49
	'Z'  shift 50
	'H'  shift 51
	'O'  shift 52
	.  error

	ltl_expr  goto 88
	ltl_atom  goto 43

state 49
	ltl_expr:  'Y'.ltl_expr 

	IDENTIFIER  shift 53
	NOT  shift 45
	'('  shift 44
	'X'  shift 46
	'G'  shift 47
	'F'  shift 48
	'Y'  shift 49
	'Z'  shift 50
	'H'  shift 51
	'O'  shift 52
	.  error

	ltl_expr  goto 89
	ltl_atom  goto 43

state 50
	ltl_expr:  'Z'.ltl_expr 

	IDENTIFIER  shift 53
	NOT  shift 45
	'('  shift 44
	'X'  shift 46
	'G'  shift 47
	'F'  shift 48
	'Y'  shift 49
	'Z'  shift 50
	'H'  shift 51
	'O'  shift 52
	.  error

	ltl_expr  goto 90
	ltl_atom  goto 43

state 51
	ltl_expr:  'H'.ltl_expr 

	IDENTIFIER  shift 53
	NOT  shift 45
	'('  shift 44
	'X'  shift 46
	'G'  shift 47
	'F'  shift 48
	'Y'  shift 49
	'Z'  shift 50
	'H'  shift 51
	'O'  shift 52
	.  error

	ltl_expr  goto 91
	ltl_atom  goto 43

state 52
	ltl_expr:  'O'.ltl_expr 

	IDENTIFIER  shift 53
	NOT  shift 45
	'('  shift 44
	'X'  shift 46
	'G'  shift 47
	'F'  shift 48
	'Y'  shift 49
	'Z'  shift 50
	'H'  shift 51
	'O'  shift 52
	.  error

	ltl_expr  goto 92
	ltl_atom  goto 43

state 53
	ltl_atom:  IDENTIFIER.    (114)
	ltl_atom:  IDENTIFIER.'.' ltl_atom 

	'.'  shift 93
	.  reduce 114 (src line 609)


state 54
	data_def:  DATA IDENTIFIER '{' idents_one.'}' ';' 

	'}'  shift 94
	.  error


state 55
	idents_one:  IDENTIFIER.    (116)
	idents_one:  IDENTIFIER.',' 
	idents_one:  IDENTIFIER.',' idents_one 

	','  shift 95
	.  reduce 116 (src line 620)


state 56
	module_def:  MODULE IDENTIFIER '(' parameters_zero.')' '{' module_body_zero '}' ';' 

	')'  shift 96
	.  error


state 57
	parameters_zero:  parameters_one.    (120)

	.  reduce 120 (src line 639)


state 58
	parameters_one:  parameter.    (121)
	parameters_one:  parameter.',' 
	parameters_one:  parameter.',' parameters_one 

	','  shift 97
	.  reduce 121 (src line 644)


state 59
	parameter:  IDENTIFIER.type 

	IDENTIFIER  shift 30
	CHANNEL  shift 32
	'['  shift 31
	.  error

	type  goto 98

state 60
	const_def:  CONST IDENTIFIER type ASSIGN.expr ';' 

	IDENTIFIER  shift 100
	NUMBER  shift 101
	SUB  shift 105
	NOT  shift 104
	TIMEOUT_RECV  shift 107
	NONBLOCK_RECV  shift 109
	TIMEOUT_PEEK  shift 108
	NONBLOCK_PEEK  shift 110
	TRUE  shift 102
	FALSE  shift 103
	'('  shift 106
	'['  shift 111
	.  error

	expr  goto 99

state 61
	type:  '[' ']'.type 

	IDENTIFIER  shift 30
	CHANNEL  shift 32
	'['  shift 31
	.  error

	type  goto 112

state 62
	type:  CHANNEL '{'.types_one '}' 

	IDENTIFIER  shift 30
	CHANNEL  shift 32
	'['  shift 31
	.  error

	types_one  goto 113
	type  goto 114

state 63
	type:  CHANNEL '['.']' '{' types_one '}' 
	type:  CHANNEL '['.expr ']' '{' types_one '}' 

	IDENTIFIER  shift 100
	NUMBER  shift 101
	SUB  shift 105
	NOT  shift 104
	TIMEOUT_RECV  shift 107
	NONBLOCK_RECV  shift 109
	TIMEOUT_PEEK  shift 108
	NONBLOCK_PEEK  shift 110
	TRUE  shift 102
	FALSE  shift 103
	'('  shift 106
	'['  shift 111
	']'  shift 115
	.  error

	expr  goto 116

state 64
	proc_def:  PROC IDENTIFIER '(' parameters_zero.')' '{' statements_zero '}' ';' 

	')'  shift 117
	.  error


state 65
	fault_def:  FAULT SEND '(' parameters_one.')' tag '{' statements_zero '}' ';' 

	')'  shift 118
	.  error


state 66
	fault_def:  FAULT RECV '(' parameters_one.')' tag '{' statements_zero '}' ';' 

	')'  shift 119
	.  error


state 67
	fault_def:  FAULT BLOCK tag '{'.statements_zero '}' ';' 
	statements_zero: .    (32)

	IDENTIFIER  shift 122
	NUMBER  shift 101
	SUB  shift 105
	NOT  shift 104
	CONST  shift 12
	VAR  shift 124
	IF  shift 125
	CHOICE  shift 126
	RECV  shift 127
	TIMEOUT_RECV  shift 107
	NONBLOCK_RECV  shift 109
	PEEK  shift 128
	TIMEOUT_PEEK  shift 108
	NONBLOCK_PEEK  shift 110
	SEND  shift 129
	FOR  shift 130
	BREAK  shift 131
	GOTO  shift 132
	SKIP  shift 133
	TRUE  shift 102
	FALSE  shift 103
	'{'  shift 123
	'('  shift 106
	'['  shift 111
	';'  shift 135
	.  reduce 32 (src line 273)

	const_def  goto 136
	statements_zero  goto 120
	statement  goto 121
	expr  goto 134

state 68
	tag:  '@' IDENTIFIER.    (140)

	.  reduce 140 (src line 733)


state 69
	init_block:  INIT '{' initvars_zero '}'.';' 

	';'  shift 137
	.  error


state 70
	initvars_one:  initvar ','.    (28)
	initvars_one:  initvar ','.initvars_one 

	IDENTIFIER  shift 41
	.  reduce 28 (src line 255)

	initvars_one  goto 138
	initvar  goto 40

state 71
	initvar:  IDENTIFIER ':'.type tags_zero 
	initvar:  IDENTIFIER ':'.IDENTIFIER '(' arguments_one ')' tags_zero 

	IDENTIFIER  shift 140
	CHANNEL  shift 32
	'['  shift 31
	.  error

	type  goto 139

state 72
	ltl_spec:  LTL '{' ltl_expr ';'.'}' ';' 

	'}'  shift 141
	.  error


state 73
	ltl_spec:  LTL '{' ltl_expr '}'.';' 

	';'  shift 142
	.  error


state 74
	ltl_expr:  ltl_expr LAND.ltl_expr 

	IDENTIFIER  shift 53
	NOT  shift 45
	'('  shift 44
	'X'  shift 46
	'G'  shift 47
	'F'  shift 48
	'Y'  shift 49
	'Z'  shift 50
	'H'  shift 51
	'O'  shift 52
	.  error

	ltl_expr  goto 143
	ltl_atom  goto 43

state 75
	ltl_expr:  ltl_expr LOR.ltl_expr 

	IDENTIFIER  shift 53
	NOT  shift 45
	'('  shift 44
	'X'  shift 46
	'G'  shift 47
	'F'  shift 48
	'Y'  shift 49
	'Z'  shift 50
	'H'  shift 51
	'O'  shift 52
	.  error

	ltl_expr  goto 144
	ltl_atom  goto 43

state 76
	ltl_expr:  ltl_expr XOR.ltl_expr 

	IDENTIFIER  shift 53
	NOT  shift 45
	'('  shift 44
	'X'  shift 46
	'G'  shift 47
	'F'  shift 48
	'Y'  shift 49
	'Z'  shift 50
	'H'  shift 51
	'O'  shift 52
	.  error

	ltl_expr  goto 145
	ltl_atom  goto 43

state 77
	ltl_expr:  ltl_expr THEN.ltl_expr 

	IDENTIFIER  shift 53
	NOT  shift 45
	'('  shift 44
	'X'  shift 46
	'G'  shift 47
	'F'  shift 48
	'Y'  shift 49
	'Z'  shift 50
	'H'  shift 51
	'O'  shift 52
	.  error

	ltl_expr  goto 146
	ltl_atom  goto 43

state 78
	ltl_expr:  ltl_expr EQL.ltl_expr 

	IDENTIFIER  shift 53
	NOT  shift 45
	'('  shift 44
	'X'  shift 46
	'G'  shift 47
	'F'  shift 48
	'Y'  shift 49
	'Z'  shift 50
	'H'  shift 51
	'O'  shift 52
	.  error

	ltl_expr  goto 147
	ltl_atom  goto 43

state 79
	ltl_expr:  ltl_expr NEQ.ltl_expr 

	IDENTIFIER  shift 53
	NOT  shift 45
	'('  shift 44
	'X'  shift 46
	'G'  shift 47
	'F'  shift 48
	'Y'  shift 49
	'Z'  shift 50
	'H'  shift 51
	'O'  shift 52
	.  error

	ltl_expr  goto 148
	ltl_atom  goto 43

state 80
	ltl_expr:  ltl_expr 'U'.ltl_expr 

	IDENTIFIER  shift 53
	NOT  shift 45
	'('  shift 44
	'X'  shift 46
	'G'  shift 47
	'F'  shift 48
	'Y'  shift 49
	'Z'  shift 50
	'H'  shift 51
	'O'  shift 52
	.  error

	ltl_expr  goto 149
	ltl_atom  goto 43

state 81
	ltl_expr:  ltl_expr 'V'.ltl_expr 

	IDENTIFIER  shift 53
	NOT  shift 45
	'('  shift 44
	'X'  shift 46
	'G'  shift 47
	'F'  shift 48
	'Y'  shift 49
	'Z'  shift 50
	'H'  shift 51
	'O'  shift 52
	.  error

	ltl_expr  goto 150
	ltl_atom  goto 43

state 82
	ltl_expr:  ltl_expr 'S'.ltl_expr 

	IDENTIFIER  shift 53
	NOT  shift 45
	'('  shift 44
	'X'  shift 46
	'G'  shift 47
	'F'  shift 48
	'Y'  shift 49
	'Z'  shift 50
	'H'  shift 51
	'O'  shift 52
	.  error

	ltl_expr  goto 151
	ltl_atom  goto 43

state 83
	ltl_expr:  ltl_expr 'T'.ltl_expr 

	IDENTIFIER  shift 53
	NOT  shift 45
	'('  shift 44
	'X'  shift 46
	'G'  shift 47
	'F'  shift 48
	'Y'  shift 49
	'Z'  shift 50
	'H'  shift 51
	'O'  shift 52
	.  error

	ltl_expr  goto 152
	ltl_atom  goto 43

state 84
	ltl_expr:  '(' ltl_expr.')' 
	ltl_expr:  ltl_expr.LAND ltl_expr 
	ltl_expr:  ltl_expr.LOR ltl_expr 
	ltl_expr:  ltl_expr.XOR ltl_expr 
	ltl_expr:  ltl_expr.THEN ltl_expr 
	ltl_expr:  ltl_expr.EQL ltl_expr 
	ltl_expr:  ltl_expr.NEQ ltl_expr 
	ltl_expr:  ltl_expr.'U' ltl_expr 
	ltl_expr:  ltl_expr.'V' ltl_expr 
	ltl_expr:  ltl_expr.'S' ltl_expr 
	ltl_expr:  ltl_expr.'T' ltl_expr 

	XOR  shift 76
	LAND  shift 74
	LOR  shift 75
	EQL  shift 78
	NEQ  shift 79
	THEN  shift 77
	')'  shift 153
	'U'  shift 80
	'V'  shift 81
	'S'  shift 82
	'T'  shift 83
	.  error


state 85
	ltl_expr:  ltl_expr.LAND ltl_expr 
	ltl_expr:  ltl_expr.LOR ltl_expr 
	ltl_expr:  ltl_expr.XOR ltl_expr 
	ltl_expr:  ltl_expr.THEN ltl_expr 
	ltl_expr:  ltl_expr.EQL ltl_expr 
	ltl_expr:  ltl_expr.NEQ ltl_expr 
	ltl_expr:  ltl_expr.'U' ltl_expr 
	ltl_expr:  ltl_expr.'V' ltl_expr 
	ltl_expr:  ltl_expr.'S' ltl_expr 
	ltl_expr:  ltl_expr.'T' ltl_expr 
	ltl_expr:  NOT ltl_expr.    (106)

	.  reduce 106 (src line 576)


state 86
	ltl_expr:  ltl_expr.LAND ltl_expr 
	ltl_expr:  ltl_expr.LOR ltl_expr 
	ltl_expr:  ltl_expr.XOR ltl_expr 
	ltl_expr:  ltl_expr.THEN ltl_expr 
	ltl_expr:  ltl_expr.EQL ltl_expr 
	ltl_expr:  ltl_expr.NEQ ltl_expr 
	ltl_expr:  ltl_expr.'U' ltl_expr 
	ltl_expr:  ltl_expr.'V' ltl_expr 
	ltl_expr:  ltl_expr.'S' ltl_expr 
	ltl_expr:  ltl_expr.'T' ltl_expr 
	ltl_expr:  'X' ltl_expr.    (107)

	.  reduce 107 (src line 580)


state 87
	ltl_expr:  ltl_expr.LAND ltl_expr 
	ltl_expr:  ltl_expr.LOR ltl_expr 
	ltl_expr:  ltl_expr.XOR ltl_expr 
	ltl_expr:  ltl_expr.THEN ltl_expr 
	ltl_expr:  ltl_expr.EQL ltl_expr 
	ltl_expr:  ltl_expr.NEQ ltl_expr 
	ltl_expr:  ltl_expr.'U' ltl_expr 
	ltl_expr:  ltl_expr.'V' ltl_expr 
	ltl_expr:  ltl_expr.'S' ltl_expr 
	ltl_expr:  ltl_expr.'T' ltl_expr 
	ltl_expr:  'G' ltl_expr.    (108)

	.  reduce 108 (src line 584)


state 88
	ltl_expr:  ltl_expr.LAND ltl_expr 
	ltl_expr:  ltl_expr.LOR ltl_expr 
	ltl_expr:  ltl_expr.XOR ltl_expr 
	ltl_expr:  ltl_expr.THEN ltl_expr 
	ltl_expr:  ltl_expr.EQL ltl_expr 
	ltl_expr:  ltl_expr.NEQ ltl_expr 
	ltl_expr:  ltl_expr.'U' ltl_expr 
	ltl_expr:  ltl_expr.'V' ltl_expr 
	ltl_expr:  ltl_expr.'S' ltl_expr 
	ltl_expr:  ltl_expr.'T' ltl_expr 
	ltl_expr:  'F' ltl_expr.    (109)

	.  reduce 109 (src line 588)


state 89
	ltl_expr:  ltl_expr.LAND ltl_expr 
	ltl_expr:  ltl_expr.LOR ltl_expr 
	ltl_expr:  ltl_expr.XOR ltl_expr 
	ltl_expr:  ltl_expr.THEN ltl_expr 
	ltl_expr:  ltl_expr.EQL ltl_expr 
	ltl_expr:  ltl_expr.NEQ ltl_expr 
	ltl_expr:  ltl_expr.'U' ltl_expr 
	ltl_expr:  ltl_expr.'V' ltl_expr 
	ltl_expr:  ltl_expr.'S' ltl_expr 
	ltl_expr:  ltl_expr.'T' ltl_expr 
	ltl_expr:  'Y' ltl_expr.    (110)

	.  reduce 110 (src line 592)


state 90
	ltl_expr:  ltl_expr.LAND ltl_expr 
	ltl_expr:  ltl_expr.LOR ltl_expr 
	ltl_expr:  ltl_expr.XOR ltl_expr 
	ltl_expr:  ltl_expr.THEN ltl_expr 
	ltl_expr:  ltl_expr.EQL ltl_expr 
	ltl_expr:  ltl_expr.NEQ ltl_expr 
	ltl_expr:  ltl_expr.'U' ltl_expr 
	ltl_expr:  ltl_expr.'V' ltl_expr 
	ltl_expr:  ltl_expr.'S' ltl_expr 
	ltl_expr:  ltl_expr.'T' ltl_expr 
	ltl_expr:  'Z' ltl_expr.    (111)

	.  reduce 111 (src line 596)


state 91
	ltl_expr:  ltl_expr.LAND ltl_expr 
	ltl_expr:  ltl_expr.LOR ltl_expr 
	ltl_expr:  ltl_expr.XOR ltl_expr 
	ltl_expr:  ltl_expr.THEN ltl_expr 
	ltl_expr:  ltl_expr.EQL ltl_expr 
	ltl_expr:  ltl_expr.NEQ ltl_expr 
	ltl_expr:  ltl_expr.'U' ltl_expr 
	ltl_expr:  ltl_expr.'V' ltl_expr 
	ltl_expr:  ltl_expr.'S' ltl_expr 
	ltl_expr:  ltl_expr.'T' ltl_expr 
	ltl_expr:  'H' ltl_expr.    (112)

	.  reduce 112 (src line 600)


state 92
	ltl_expr:  ltl_expr.LAND ltl_expr 
	ltl_expr:  ltl_expr.LOR ltl_expr 
	ltl_expr:  ltl_expr.XOR ltl_expr 
	ltl_expr:  ltl_expr.THEN ltl_expr 
	ltl_expr:  ltl_expr.EQL ltl_expr 
	ltl_expr:  ltl_expr.NEQ ltl_expr 
	ltl_expr:  ltl_expr.'U' ltl_expr 
	ltl_expr:  ltl_expr.'V' ltl_expr 
	ltl_expr:  ltl_expr.'S' ltl_expr 
	ltl_expr:  ltl_expr.'T' ltl_expr 
	ltl_expr:  'O' ltl_expr.    (113)

	.  reduce 113 (src line 604)


state 93
	ltl_atom:  IDENTIFIER '.'.ltl_atom 

	IDENTIFIER  shift 53
	.  error

	ltl_atom  goto 154

state 94
	data_def:  DATA IDENTIFIER '{' idents_one '}'.';' 

	';'  shift 155
	.  error


state 95
	idents_one:  IDENTIFIER ','.    (117)
	idents_one:  IDENTIFIER ','.idents_one 

	IDENTIFIER  shift 55
	.  reduce 117 (src line 625)

	idents_one  goto 156

state 96
	module_def:  MODULE IDENTIFIER '(' parameters_zero ')'.'{' module_body_zero '}' ';' 

	'{'  shift 157
	.  error


state 97
	parameters_one:  parameter ','.    (122)
	parameters_one:  parameter ','.parameters_one 

	IDENTIFIER  shift 59
	.  reduce 122 (src line 649)

	parameters_one  goto 158
	parameter  goto 58

state 98
	parameter:  IDENTIFIER type.    (124)

	.  reduce 124 (src line 658)


state 99
	const_def:  CONST IDENTIFIER type ASSIGN expr.';' 
	expr:  expr.ADD expr 
	expr:  expr.SUB expr 
	expr:  expr.MUL expr 
	expr:  expr.QUO expr 
	expr:  expr.REM expr 
	expr:  expr.AND expr 
	expr:  expr.OR expr 
	expr:  expr.XOR expr 
	expr:  expr.SHL expr 
	expr:  expr.SHR expr 
	expr:  expr.LAND expr 
	expr:  expr.LOR expr 
	expr:  expr.EQL expr 
	expr:  expr.LSS expr 
	expr:  expr.GTR expr 
	expr:  expr.NEQ expr 
	expr:  expr.LEQ expr 
	expr:  expr.GEQ expr 

	ADD  shift 160
	SUB  shift 161
	MUL  shift 162
	QUO  shift 163
	REM  shift 164
	AND  shift 165
	OR  shift 166
	XOR  shift 167
	SHL  shift 168
	SHR  shift 169
	LAND  shift 170
	LOR  shift 171
	EQL  shift 172
	LSS  shift 173
	GTR  shift 174
	NEQ  shift 175
	LEQ  shift 176
	GEQ  shift 177
	';'  shift 159
	.  error


state 100
	expr:  IDENTIFIER.    (64)

	.  reduce 64 (src line 405)


state 101
	expr:  NUMBER.    (65)

	.  reduce 65 (src line 409)


state 102
	expr:  TRUE.    (66)

	.  reduce 66 (src line 413)


state 103
	expr:  FALSE.    (67)

	.  reduce 67 (src line 417)


state 104
	expr:  NOT.expr 

	IDENTIFIER  shift 100
	NUMBER  shift 101
	SUB  shift 105
	NOT  shift 104
	TIMEOUT_RECV  shift 107
	NONBLOCK_RECV  shift 109
	TIMEOUT_PEEK  shift 108
	NONBLOCK_PEEK  shift 110
	TRUE  shift 102
	FALSE  shift 103
	'('  shift 106
	'['  shift 111
	.  error

	expr  goto 178

state 105
	expr:  SUB.expr 

	IDENTIFIER  shift 100
	NUMBER  shift 101
	SUB  shift 105
	NOT  shift 104
	TIMEOUT_RECV  shift 107
	NONBLOCK_RECV  shift 109
	TIMEOUT_PEEK  shift 108
	NONBLOCK_PEEK  shift 110
	TRUE  shift 102
	FALSE  shift 103
	'('  shift 106
	'['  shift 111
	.  error

	expr  goto 179

state 106
	expr:  '('.expr ')' 

	IDENTIFIER  shift 100
	NUMBER  shift 101
	SUB  shift 105
	NOT  shift 104
	TIMEOUT_RECV  shift 107
	NONBLOCK_RECV  shift 109
	TIMEOUT_PEEK  shift 108
	NONBLOCK_PEEK  shift 110
	TRUE  shift 102
	FALSE  shift 103
	'('  shift 106
	'['  shift 111
	.  error

	expr  goto 180

state 107
	expr:  TIMEOUT_RECV.'(' arguments_one ')' 

	'('  shift 181
	.  error


state 108
	expr:  TIMEOUT_PEEK.'(' arguments_one ')' 

	'('  shift 182
	.  error


state 109
	expr:  NONBLOCK_RECV.'(' arguments_one ')' 

	'('  shift 183
	.  error


state 110
	expr:  NONBLOCK_PEEK.'(' arguments_one ')' 

	'('  shift 184
	.  error


state 111
	expr:  '['.arguments_one ']' 

	IDENTIFIER  shift 100
	NUMBER  shift 101
	SUB  shift 105
	NOT  shift 104
	TIMEOUT_RECV  shift 107
	NONBLOCK_RECV  shift 109
	TIMEOUT_PEEK  shift 108
	NONBLOCK_PEEK  shift 110
	TRUE  shift 102
	FALSE  shift 103
	'('  shift 106
	'['  shift 111
	.  error

	expr  goto 186
	arguments_one  goto 185

state 112
	type:  '[' ']' type.    (132)

	.  reduce 132 (src line 696)


state 113
	type:  CHANNEL '{' types_one.'}' 

	'}'  shift 187
	.  error


state 114
	types_one:  type.    (128)
	types_one:  type.',' 
	types_one:  type.',' types_one 

	','  shift 188
	.  reduce 128 (src line 678)


state 115
	type:  CHANNEL '[' ']'.'{' types_one '}' 

	'{'  shift 189
	.  error


state 116
	expr:  expr.ADD expr 
	expr:  expr.SUB expr 
	expr:  expr.MUL expr 
	expr:  expr.QUO expr 
	expr:  expr.REM expr 
	expr:  expr.AND expr 
	expr:  expr.OR expr 
	expr:  expr.XOR expr 
	expr:  expr.SHL expr 
	expr:  expr.SHR expr 
	expr:  expr.LAND expr 
	expr:  expr.LOR expr 
	expr:  expr.EQL expr 
	expr:  expr.LSS expr 
	expr:  expr.GTR expr 
	expr:  expr.NEQ expr 
	expr:  expr.LEQ expr 
	expr:  expr.GEQ expr 
	type:  CHANNEL '[' expr.']' '{' types_one '}' 

	ADD  shift 160
	SUB  shift 161
	MUL  shift 162
	QUO  shift 163
	REM  shift 164
	AND  shift 165
	OR  shift 166
	XOR  shift 167
	SHL  shift 168
	SHR  shift 169
	LAND  shift 170
	LOR  shift 171
	EQL  shift 172
	LSS  shift 173
	GTR  shift 174
	NEQ  shift 175
	LEQ  shift 176
	GEQ  shift 177
	']'  shift 190
	.  error


state 117
	proc_def:  PROC IDENTIFIER '(' parameters_zero ')'.'{' statements_zero '}' ';' 

	'{'  shift 191
	.  error


state 118
	fault_def:  FAULT SEND '(' parameters_one ')'.tag '{' statements_zero '}' ';' 

	'@'  shift 37
	.  error

	tag  goto 192

state 119
	fault_def:  FAULT RECV '(' parameters_one ')'.tag '{' statements_zero '}' ';' 

	'@'  shift 37
	.  error

	tag  goto 193

state 120
	fault_def:  FAULT BLOCK tag '{' statements_zero.'}' ';' 

	'}'  shift 194
	.  error


state 121
	statements_zero:  statement.statements_zero 
	statements_zero: .    (32)

	IDENTIFIER  shift 122
	NUMBER  shift 101
	SUB  shift 105
	NOT  shift 104
	CONST  shift 12
	VAR  shift 124
	IF  shift 125
	CHOICE  shift 126
	RECV  shift 127
	TIMEOUT_RECV  shift 107
	NONBLOCK_RECV  shift 109
	PEEK  shift 128
	TIMEOUT_PEEK  shift 108
	NONBLOCK_PEEK  shift 110
	SEND  shift 129
	FOR  shift 130
	BREAK  shift 131
	GOTO  shift 132
	SKIP  shift 133
	TRUE  shift 102
	FALSE  shift 103
	'{'  shift 123
	'('  shift 106
	'['  shift 111
	';'  shift 135
	.  reduce 32 (src line 273)

	const_def  goto 136
	statements_zero  goto 195
	statement  goto 121
	expr  goto 134

state 122
	statement:  IDENTIFIER.':' statement 
	statement:  IDENTIFIER.ASSIGN expr ';' 
	statement:  IDENTIFIER.ADD_ASSIGN expr ';' 
	statement:  IDENTIFIER.SUB_ASSIGN expr ';' 
	statement:  IDENTIFIER.MUL_ASSIGN expr ';' 
	statement:  IDENTIFIER.QUO_ASSIGN expr ';' 
	statement:  IDENTIFIER.REM_ASSIGN expr ';' 
	statement:  IDENTIFIER.AND_ASSIGN expr ';' 
	statement:  IDENTIFIER.OR_ASSIGN expr ';' 
	statement:  IDENTIFIER.XOR_ASSIGN expr ';' 
	statement:  IDENTIFIER.SHL_ASSIGN expr ';' 
	statement:  IDENTIFIER.SHR_ASSIGN expr ';' 
	expr:  IDENTIFIER.    (64)

	ADD_ASSIGN  shift 198
	SUB_ASSIGN  shift 199
	MUL_ASSIGN  shift 200
	QUO_ASSIGN  shift 201
	REM_ASSIGN  shift 202
	AND_ASSIGN  shift 203
	OR_ASSIGN  shift 204
	XOR_ASSIGN  shift 205
	SHL_ASSIGN  shift 206
	SHR_ASSIGN  shift 207
	ASSIGN  shift 197
	':'  shift 196
	.  reduce 64 (src line 405)


state 123
	statement:  '{'.statements_zero '}' tags_zero ';' 
	statements_zero: .    (32)

	IDENTIFIER  shift 122
	NUMBER  shift 101
	SUB  shift 105
	NOT  shift 104
	CONST  shift 12
	VAR  shift 124
	IF  shift 125
	CHOICE  shift 126
	RECV  shift 127
	TIMEOUT_RECV  shift 107
	NONBLOCK_RECV  shift 109
	PEEK  shift 128
	TIMEOUT_PEEK  shift 108
	NONBLOCK_PEEK  shift 110
	SEND  shift 129
	FOR  shift 130
	BREAK  shift 131
	GOTO  shift 132
	SKIP  shift 133
	TRUE  shift 102
	FALSE  shift 103
	'{'  shift 123
	'('  shift 106
	'['  shift 111
	';'  shift 135
	.  reduce 32 (src line 273)

	const_def  goto 136
	statements_zero  goto 208
	statement  goto 121
	expr  goto 134

state 124
	statement:  VAR.IDENTIFIER type ';' 
	statement:  VAR.IDENTIFIER type ASSIGN expr ';' 

	IDENTIFIER  shift 209
	.  error


state 125
	statement:  IF.expr '{' statements_zero '}' ';' 
	statement:  IF.expr '{' statements_zero '}' ELSE '{' statements_zero '}' ';' 

	IDENTIFIER  shift 100
	NUMBER  shift 101
	SUB  shift 105
	NOT  shift 104
	TIMEOUT_RECV  shift 107
	NONBLOCK_RECV  shift 109
	TIMEOUT_PEEK  shift 108
	NONBLOCK_PEEK  shift 110
	TRUE  shift 102
	FALSE  shift 103
	'('  shift 106
	'['  shift 111
	.  error

	expr  goto 210

state 126
	statement:  CHOICE.blocks_one ';' 

	'{'  shift 212
	.  error

	blocks_one  goto 211

state 127
	statement:  RECV.'(' arguments_one ')' tags_zero ';' 

	'('  shift 213
	.  error


state 128
	statement:  PEEK.'(' arguments_one ')' ';' 

	'('  shift 214
	.  error


state 129
	statement:  SEND.'(' arguments_one ')' tags_zero ';' 

	'('  shift 215
	.  error


state 130
	statement:  FOR.'{' statements_zero '}' ';' 
	statement:  FOR.IDENTIFIER IN expr '{' statements_zero '}' ';' 
	statement:  FOR.IDENTIFIER IN RANGE expr TO expr '{' statements_zero '}' ';' 

	IDENTIFIER  shift 217
	'{'  shift 216
	.  error


state 131
	statement:  BREAK.';' 

	';'  shift 218
	.  error


state 132
	statement:  GOTO.IDENTIFIER ';' 

	IDENTIFIER  shift 219
	.  error


state 133
	statement:  SKIP.';' 

	';'  shift 220
	.  error


state 134
	statement:  expr.';' 
	expr:  expr.ADD expr 
	expr:  expr.SUB expr 
	expr:  expr.MUL expr 
	expr:  expr.QUO expr 
	expr:  expr.REM expr 
	expr:  expr.AND expr 
	expr:  expr.OR expr 
	expr:  expr.XOR expr 
	expr:  expr.SHL expr 
	expr:  expr.SHR expr 
	expr:  expr.LAND expr 
	expr:  expr.LOR expr 
	expr:  expr.EQL expr 
	expr:  expr.LSS expr 
	expr:  expr.GTR expr 
	expr:  expr.NEQ expr 
	expr:  expr.LEQ expr 
	expr:  expr.GEQ expr 

	ADD  shift 160
	SUB  shift 161
	MUL  shift 162
	QUO  shift 163
	REM  shift 164
	AND  shift 165
	OR  shift 166
	XOR  shift 167
	SHL  shift 168
	SHR  shift 169
	LAND  shift 170
	LOR  shift 171
	EQL  shift 172
	LSS  shift 173
	GTR  shift 174
	NEQ  shift 175
	LEQ  shift 176
	GEQ  shift 177
	';'  shift 221
	.  error


state 135
	statement:  ';'.    (62)

	.  reduce 62 (src line 396)


state 136
	statement:  const_def.    (63)

	.  reduce 63 (src line 400)


state 137
	init_block:  INIT '{' initvars_zero '}' ';'.    (22)

	.  reduce 22 (src line 224)


state 138
	initvars_one:  initvar ',' initvars_one.    (29)

	.  reduce 29 (src line 259)


state 139
	initvar:  IDENTIFIER ':' type.tags_zero 
	tags_zero: .    (136)

	'@'  shift 37
	.  reduce 136 (src line 713)

	tags_zero  goto 222
	tags_one  goto 223
	tag  goto 224

state 140
	initvar:  IDENTIFIER ':' IDENTIFIER.'(' arguments_one ')' tags_zero 
	type:  IDENTIFIER.    (131)

	'('  shift 225
	.  reduce 131 (src line 692)


state 141
	ltl_spec:  LTL '{' ltl_expr ';' '}'.';' 

	';'  shift 226
	.  error


state 142
	ltl_spec:  LTL '{' ltl_expr '}' ';'.    (24)

	.  reduce 24 (src line 235)


state 143
	ltl_expr:  ltl_expr.LAND ltl_expr 
	ltl_expr:  ltl_expr LAND ltl_expr.    (96)
	ltl_expr:  ltl_expr.LOR ltl_expr 
	ltl_expr:  ltl_expr.XOR ltl_expr 
	ltl_expr:  ltl_expr.THEN ltl_expr 
	ltl_expr:  ltl_expr.EQL ltl_expr 
	ltl_expr:  ltl_expr.NEQ ltl_expr 
	ltl_expr:  ltl_expr.'U' ltl_expr 
	ltl_expr:  ltl_expr.'V' ltl_expr 
	ltl_expr:  ltl_expr.'S' ltl_expr 
	ltl_expr:  ltl_expr.'T' ltl_expr 

	XOR  shift 76
	EQL  shift 78
	NEQ  shift 79
	THEN  shift 77
	'U'  shift 80
	'V'  shift 81
	'S'  shift 82
	'T'  shift 83
	.  reduce 96 (src line 536)


state 144
	ltl_expr:  ltl_expr.LAND ltl_expr 
	ltl_expr:  ltl_expr.LOR ltl_expr 
	ltl_expr:  ltl_expr LOR ltl_expr.    (97)
	ltl_expr:  ltl_expr.XOR ltl_expr 
	ltl_expr:  ltl_expr.THEN ltl_expr 
	ltl_expr:  ltl_expr.EQL ltl_expr 
	ltl_expr:  ltl_expr.NEQ ltl_expr 
	ltl_expr:  ltl_expr.'U' ltl_expr 
	ltl_expr:  ltl_expr.'V' ltl_expr 
	ltl_expr:  ltl_expr.'S' ltl_expr 
	ltl_expr:  ltl_expr.'T' ltl_expr 

	XOR  shift 76
	LAND  shift 74
	EQL  shift 78
	NEQ  shift 79
	THEN  shift 77
	'U'  shift 80
	'V'  shift 81
	'S'  shift 82
	'T'  shift 83
	.  reduce 97 (src line 540)


state 145
	ltl_expr:  ltl_expr.LAND ltl_expr 
	ltl_expr:  ltl_expr.LOR ltl_expr 
	ltl_expr:  ltl_expr.XOR ltl_expr 
	ltl_expr:  ltl_expr XOR ltl_expr.    (98)
	ltl_expr:  ltl_expr.THEN ltl_expr 
	ltl_expr:  ltl_expr.EQL ltl_expr 
	ltl_expr:  ltl_expr.NEQ ltl_expr 
	ltl_expr:  ltl_expr.'U' ltl_expr 
	ltl_expr:  ltl_expr.'V' ltl_expr 
	ltl_expr:  ltl_expr.'S' ltl_expr 
	ltl_expr:  ltl_expr.'T' ltl_expr 

	THEN  shift 77
	'U'  shift 80
	'V'  shift 81
	'S'  shift 82
	'T'  shift 83
	.  reduce 98 (src line 544)


state 146
	ltl_expr:  ltl_expr.LAND ltl_expr 
	ltl_expr:  ltl_expr.LOR ltl_expr 
	ltl_expr:  ltl_expr.XOR ltl_expr 
	ltl_expr:  ltl_expr.THEN ltl_expr 
	ltl_expr:  ltl_expr THEN ltl_expr.    (99)
	ltl_expr:  ltl_expr.EQL ltl_expr 
	ltl_expr:  ltl_expr.NEQ ltl_expr 
	ltl_expr:  ltl_expr.'U' ltl_expr 
	ltl_expr:  ltl_expr.'V' ltl_expr 
	ltl_expr:  ltl_expr.'S' ltl_expr 
	ltl_expr:  ltl_expr.'T' ltl_expr 

	.  reduce 99 (src line 548)


state 147
	ltl_expr:  ltl_expr.LAND ltl_expr 
	ltl_expr:  ltl_expr.LOR ltl_expr 
	ltl_expr:  ltl_expr.XOR ltl_expr 
	ltl_expr:  ltl_expr.THEN ltl_expr 
	ltl_expr:  ltl_expr.EQL ltl_expr 
	ltl_expr:  ltl_expr EQL ltl_expr.    (100)
	ltl_expr:  ltl_expr.NEQ ltl_expr 
	ltl_expr:  ltl_expr.'U' ltl_expr 
	ltl_expr:  ltl_expr.'V' ltl_expr 
	ltl_expr:  ltl_expr.'S' ltl_expr 
	ltl_expr:  ltl_expr.'T' ltl_expr 

	XOR  shift 76
	THEN  shift 77
	'U'  shift 80
	'V'  shift 81
	'S'  shift 82
	'T'  shift 83
	.  reduce 100 (src line 552)


state 148
	ltl_expr:  ltl_expr.LAND ltl_expr 
	ltl_expr:  ltl_expr.LOR ltl_expr 
	ltl_expr:  ltl_expr.XOR ltl_expr 
	ltl_expr:  ltl_expr.THEN ltl_expr 
	ltl_expr:  ltl_expr.EQL ltl_expr 
	ltl_expr:  ltl_expr.NEQ ltl_expr 
	ltl_expr:  ltl_expr NEQ ltl_expr.    (101)
	ltl_expr:  ltl_expr.'U' ltl_expr 
	ltl_expr:  ltl_expr.'V' ltl_expr 
	ltl_expr:  ltl_expr.'S' ltl_expr 
	ltl_expr:  ltl_expr.'T' ltl_expr 

	XOR  shift 76
	THEN  shift 77
	'U'  shift 80
	'V'  shift 81
	'S'  shift 82
	'T'  shift 83
	.  reduce 101 (src line 556)


state 149
	ltl_expr:  ltl_expr.LAND ltl_expr 
	ltl_expr:  ltl_expr.LOR ltl_expr 
	ltl_expr:  ltl_expr.XOR ltl_expr 
	ltl_expr:  ltl_expr.THEN ltl_expr 
	ltl_expr:  ltl_expr.EQL ltl_expr 
	ltl_expr:  ltl_expr.NEQ ltl_expr 
	ltl_expr:  ltl_expr.'U' ltl_expr 
	ltl_expr:  ltl_expr 'U' ltl_expr.    (102)
	ltl_expr:  ltl_expr.'V' ltl_expr 
	ltl_expr:  ltl_expr.'S' ltl_expr 
	ltl_expr:  ltl_expr.'T' ltl_expr 

	.  reduce 102 (src line 560)


state 150
	ltl_expr:  ltl_expr.LAND ltl_expr 
	ltl_expr:  ltl_expr.LOR ltl_expr 
	ltl_expr:  ltl_expr.XOR ltl_expr 
	ltl_expr:  ltl_expr.THEN ltl_expr 
	ltl_expr:  ltl_expr.EQL ltl_expr 
	ltl_expr:  ltl_expr.NEQ ltl_expr 
	ltl_expr:  ltl_expr.'U' ltl_expr 
	ltl_expr:  ltl_expr.'V' ltl_expr 
	ltl_expr:  ltl_expr 'V' ltl_expr.    (103)
	ltl_expr:  ltl_expr.'S' ltl_expr 
	ltl_expr:  ltl_expr.'T' ltl_expr 

	.  reduce 103 (src line 564)


state 151
	ltl_expr:  ltl_expr.LAND ltl_expr 
	ltl_expr:  ltl_expr.LOR ltl_expr 
	ltl_expr:  ltl_expr.XOR ltl_expr 
	ltl_expr:  ltl_expr.THEN ltl_expr 
	ltl_expr:  ltl_expr.EQL ltl_expr 
	ltl_expr:  ltl_expr.NEQ ltl_expr 
	ltl_expr:  ltl_expr.'U' ltl_expr 
	ltl_expr:  ltl_expr.'V' ltl_expr 
	ltl_expr:  ltl_expr.'S' ltl_expr 
	ltl_expr:  ltl_expr 'S' ltl_expr.    (104)
	ltl_expr:  ltl_expr.'T' ltl_expr 

	.  reduce 104 (src line 568)


state 152
	ltl_expr:  ltl_expr.LAND ltl_expr 
	ltl_expr:  ltl_expr.LOR ltl_expr 
	ltl_expr:  ltl_expr.XOR ltl_expr 
	ltl_expr:  ltl_expr.THEN ltl_expr 
	ltl_expr:  ltl_expr.EQL ltl_expr 
	ltl_expr:  ltl_expr.NEQ ltl_expr 
	ltl_expr:  ltl_expr.'U' ltl_expr 
	ltl_expr:  ltl_expr.'V' ltl_expr 
	ltl_expr:  ltl_expr.'S' ltl_expr 
	ltl_expr:  ltl_expr.'T' ltl_expr 
	ltl_expr:  ltl_expr 'T' ltl_expr.    (105)

	.  reduce 105 (src line 572)


state 153
	ltl_expr:  '(' ltl_expr ')'.    (95)

	.  reduce 95 (src line 532)


state 154
	ltl_atom:  IDENTIFIER '.' ltl_atom.    (115)

	.  reduce 115 (src line 613)


state 155
	data_def:  DATA IDENTIFIER '{' idents_one '}' ';'.    (10)

	.  reduce 10 (src line 171)


state 156
	idents_one:  IDENTIFIER ',' idents_one.    (118)

	.  reduce 118 (src line 629)


state 157
	module_def:  MODULE IDENTIFIER '(' parameters_zero ')' '{'.module_body_zero '}' ';' 
	module_body_zero: .    (12)

	CONST  shift 12
	PROC  shift 13
	INIT  shift 15
	.  reduce 12 (src line 183)

	const_def  goto 229
	proc_def  goto 230
	init_block  goto 231
	module_body_zero  goto 227
	module_body  goto 228

state 158
	parameters_one:  parameter ',' parameters_one.    (123)

	.  reduce 123 (src line 653)


state 159
	const_def:  CONST IDENTIFIER type ASSIGN expr ';'.    (17)

	.  reduce 17 (src line 198)


state 160
	expr:  expr ADD.expr 

	IDENTIFIER  shift 100
	NUMBER  shift 101
	SUB  shift 105
	NOT  shift 104
	TIMEOUT_RECV  shift 107
	NONBLOCK_RECV  shift 109
	TIMEOUT_PEEK  shift 108
	NONBLOCK_PEEK  shift 110
	TRUE  shift 102
	FALSE  shift 103
	'('  shift 106
	'['  shift 111
	.  error

	expr  goto 232

state 161
	expr:  expr SUB.expr 

	IDENTIFIER  shift 100
	NUMBER  shift 101
	SUB  shift 105
	NOT  shift 104
	TIMEOUT_RECV  shift 107
	NONBLOCK_RECV  shift 109
	TIMEOUT_PEEK  shift 108
	NONBLOCK_PEEK  shift 110
	TRUE  shift 102
	FALSE  shift 103
	'('  shift 106
	'['  shift 111
	.  error

	expr  goto 233

state 162
	expr:  expr MUL.expr 

	IDENTIFIER  shift 100
	NUMBER  shift 101
	SUB  shift 105
	NOT  shift 104
	TIMEOUT_RECV  shift 107
	NONBLOCK_RECV  shift 109
	TIMEOUT_PEEK  shift 108
	NONBLOCK_PEEK  shift 110
	TRUE  shift 102
	FALSE  shift 103
	'('  shift 106
	'['  shift 111
	.  error

	expr  goto 234

state 163
	expr:  expr QUO.expr 

	IDENTIFIER  shift 100
	NUMBER  shift 101
	SUB  shift 105
	NOT  shift 104
	TIMEOUT_RECV  shift 107
	NONBLOCK_RECV  shift 109
	TIMEOUT_PEEK  shift 108
	NONBLOCK_PEEK  shift 110
	TRUE  shift 102
	FALSE  shift 103
	'('  shift 106
	'['  shift 111
	.  error

	expr  goto 235

state 164
	expr:  expr REM.expr 

	IDENTIFIER  shift 100
	NUMBER  shift 101
	SUB  shift 105
	NOT  shift 104
	TIMEOUT_RECV  shift 107
	NONBLOCK_RECV  shift 109
	TIMEOUT_PEEK  shift 108
	NONBLOCK_PEEK  shift 110
	TRUE  shift 102
	FALSE  shift 103
	'('  shift 106
	'['  shift 111
	.  error

	expr  goto 236

state 165
	expr:  expr AND.expr 

	IDENTIFIER  shift 100
	NUMBER  shift 101
	SUB  shift 105
	NOT  shift 104
	TIMEOUT_RECV  shift 107
	NONBLOCK_RECV  shift 109
	TIMEOUT_PEEK  shift 108
	NONBLOCK_PEEK  shift 110
	TRUE  shift 102
	FALSE  shift 103
	'('  shift 106
	'['  shift 111
	.  error

	expr  goto 237

state 166
	expr:  expr OR.expr 

	IDENTIFIER  shift 100
	NUMBER  shift 101
	SUB  shift 105
	NOT  shift 104
	TIMEOUT_RECV  shift 107
	NONBLOCK_RECV  shift 109
	TIMEOUT_PEEK  shift 108
	NONBLOCK_PEEK  shift 110
	TRUE  shift 102
	FALSE  shift 103
	'('  shift 106
	'['  shift 111
	.  error

	expr  goto 238

state 167
	expr:  expr XOR.expr 

	IDENTIFIER  shift 100
	NUMBER  shift 101
	SUB  shift 105
	NOT  shift 104
	TIMEOUT_RECV  shift 107
	NONBLOCK_RECV  shift 109
	TIMEOUT_PEEK  shift 108
	NONBLOCK_PEEK  shift 110
	TRUE  shift 102
	FALSE  shift 103
	'('  shift 106
	'['  shift 111
	.  error

	expr  goto 239

state 168
	expr:  expr SHL.expr 

	IDENTIFIER  shift 100
	NUMBER  shift 101
	SUB  shift 105
	NOT  shift 104
	TIMEOUT_RECV  shift 107
	NONBLOCK_RECV  shift 109
	TIMEOUT_PEEK  shift 108
	NONBLOCK_PEEK  shift 110
	TRUE  shift 102
	FALSE  shift 103
	'('  shift 106
	'['  shift 111
	.  error

	expr  goto 240

state 169
	expr:  expr SHR.expr 

	IDENTIFIER  shift 100
	NUMBER  shift 101
	SUB  shift 105
	NOT  shift 104
	TIMEOUT_RECV  shift 107
	NONBLOCK_RECV  shift 109
	TIMEOUT_PEEK  shift 108
	NONBLOCK_PEEK  shift 110
	TRUE  shift 102
	FALSE  shift 103
	'('  shift 106
	'['  shift 111
	.  error

	expr  goto 241

state 170
	expr:  expr LAND.expr 

	IDENTIFIER  shift 100
	NUMBER  shift 101
	SUB  shift 105
	NOT  shift 104
	TIMEOUT_RECV  shift 107
	NONBLOCK_RECV  shift 109
	TIMEOUT_PEEK  shift 108
	NONBLOCK_PEEK  shift 110
	TRUE  shift 102
	FALSE  shift 103
	'('  shift 106
	'['  shift 111
	.  error

	expr  goto 242

state 171
	expr:  expr LOR.expr 

	IDENTIFIER  shift 100
	NUMBER  shift 101
	SUB  shift 105
	NOT  shift 104
	TIMEOUT_RECV  shift 107
	NONBLOCK_RECV  shift 109
	TIMEOUT_PEEK  shift 108
	NONBLOCK_PEEK  shift 110
	TRUE  shift 102
	FALSE  shift 103
	'('  shift 106
	'['  shift 111
	.  error

	expr  goto 243

state 172
	expr:  expr EQL.expr 

	IDENTIFIER  shift 100
	NUMBER  shift 101
	SUB  shift 105
	NOT  shift 104
	TIMEOUT_RECV  shift 107
	NONBLOCK_RECV  shift 109
	TIMEOUT_PEEK  shift 108
	NONBLOCK_PEEK  shift 110
	TRUE  shift 102
	FALSE  shift 103
	'('  shift 106
	'['  shift 111
	.  error

	expr  goto 244

state 173
	expr:  expr LSS.expr 

	IDENTIFIER  shift 100
	NUMBER  shift 101
	SUB  shift 105
	NOT  shift 104
	TIMEOUT_RECV  shift 107
	NONBLOCK_RECV  shift 109
	TIMEOUT_PEEK  shift 108
	NONBLOCK_PEEK  shift 110
	TRUE  shift 102
	FALSE  shift 103
	'('  shift 106
	'['  shift 111
	.  error

	expr  goto 245

state 174
	expr:  expr GTR.expr 

	IDENTIFIER  shift 100
	NUMBER  shift 101
	SUB  shift 105
	NOT  shift 104
	TIMEOUT_RECV  shift 107
	NONBLOCK_RECV  shift 109
	TIMEOUT_PEEK  shift 108
	NONBLOCK_PEEK  shift 110
	TRUE  shift 102
	FALSE  shift 103
	'('  shift 106
	'['  shift 111
	.  error

	expr  goto 246

state 175
	expr:  expr NEQ.expr 

	IDENTIFIER  shift 100
	NUMBER  shift 101
	SUB  shift 105
	NOT  shift 104
	TIMEOUT_RECV  shift 107
	NONBLOCK_RECV  shift 109
	TIMEOUT_PEEK  shift 108
	NONBLOCK_PEEK  shift 110
	TRUE  shift 102
	FALSE  shift 103
	'('  shift 106
	'['  shift 111
	.  error

	expr  goto 247

state 176
	expr:  expr LEQ.expr 

	IDENTIFIER  shift 100
	NUMBER  shift 101
	SUB  shift 105
	NOT  shift 104
	TIMEOUT_RECV  shift 107
	NONBLOCK_RECV  shift 109
	TIMEOUT_PEEK  shift 108
	NONBLOCK_PEEK  shift 110
	TRUE  shift 102
	FALSE  shift 103
	'('  shift 106
	'['  shift 111
	.  error

	expr  goto 248

state 177
	expr:  expr GEQ.expr 

	IDENTIFIER  shift 100
	NUMBER  shift 101
	SUB  shift 105
	NOT  shift 104
	TIMEOUT_RECV  shift 107
	NONBLOCK_RECV  shift 109
	TIMEOUT_PEEK  shift 108
	NONBLOCK_PEEK  shift 110
	TRUE  shift 102
	FALSE  shift 103
	'('  shift 106
	'['  shift 111
	.  error

	expr  goto 249

state 178
	expr:  NOT expr.    (68)
	expr:  expr.ADD expr 
	expr:  expr.SUB expr 
	expr:  expr.MUL expr 
	expr:  expr.QUO expr 
	expr:  expr.REM expr 
	expr:  expr.AND expr 
	expr:  expr.OR expr 
	expr:  expr.XOR expr 
	expr:  expr.SHL expr 
	expr:  expr.SHR expr 
	expr:  expr.LAND expr 
	expr:  expr.LOR expr 
	expr:  expr.EQL expr 
	expr:  expr.LSS expr 
	expr:  expr.GTR expr 
	expr:  expr.NEQ expr 
	expr:  expr.LEQ expr 
	expr:  expr.GEQ expr 

	.  reduce 68 (src line 421)


state 179
	expr:  SUB expr.    (69)
	expr:  expr.ADD expr 
	expr:  expr.SUB expr 
	expr:  expr.MUL expr 
	expr:  expr.QUO expr 
	expr:  expr.REM expr 
	expr:  expr.AND expr 
	expr:  expr.OR expr 
	expr:  expr.XOR expr 
	expr:  expr.SHL expr 
	expr:  expr.SHR expr 
	expr:  expr.LAND expr 
	expr:  expr.LOR expr 
	expr:  expr.EQL expr 
	expr:  expr.LSS expr 
	expr:  expr.GTR expr 
	expr:  expr.NEQ expr 
	expr:  expr.LEQ expr 
	expr:  expr.GEQ expr 

	.  reduce 69 (src line 425)


state 180
	expr:  '(' expr.')' 
	expr:  expr.ADD expr 
	expr:  expr.SUB expr 
	expr:  expr.MUL expr 
	expr:  expr.QUO expr 
	expr:  expr.REM expr 
	expr:  expr.AND expr 
	expr:  expr.OR expr 
	expr:  expr.XOR expr 
	expr:  expr.SHL expr 
	expr:  expr.SHR expr 
	expr:  expr.LAND expr 
	expr:  expr.LOR expr 
	expr:  expr.EQL expr 
	expr:  expr.LSS expr 
	expr:  expr.GTR expr 
	expr:  expr.NEQ expr 
	expr:  expr.LEQ expr 
	expr:  expr.GEQ expr 

	ADD  shift 160
	SUB  shift 161
	MUL  shift 162
	QUO  shift 163
	REM  shift 164
	AND  shift 165
	OR  shift 166
	XOR  shift 167
	SHL  shift 168
	SHR  shift 169
	LAND  shift 170
	LOR  shift 171
	EQL  shift 172
	LSS  shift 173
	GTR  shift 174
	NEQ  shift 175
	LEQ  shift 176
	GEQ  shift 177
	')'  shift 250
	.  error


state 181
	expr:  TIMEOUT_RECV '('.arguments_one ')' 

	IDENTIFIER  shift 100
	NUMBER  shift 101
	SUB  shift 105
	NOT  shift 104
	TIMEOUT_RECV  shift 107
	NONBLOCK_RECV  shift 109
	TIMEOUT_PEEK  shift 108
	NONBLOCK_PEEK  shift 110
	TRUE  shift 102
	FALSE  shift 103
	'('  shift 106
	'['  shift 111
	.  error

	expr  goto 186
	arguments_one  goto 251

state 182
	expr:  TIMEOUT_PEEK '('.arguments_one ')' 

	IDENTIFIER  shift 100
	NUMBER  shift 101
	SUB  shift 105
	NOT  shift 104
	TIMEOUT_RECV  shift 107
	NONBLOCK_RECV  shift 109
	TIMEOUT_PEEK  shift 108
	NONBLOCK_PEEK  shift 110
	TRUE  shift 102
	FALSE  shift 103
	'('  shift 106
	'['  shift 111
	.  error

	expr  goto 186
	arguments_one  goto 252

state 183
	expr:  NONBLOCK_RECV '('.arguments_one ')' 

	IDENTIFIER  shift 100
	NUMBER  shift 101
	SUB  shift 105
	NOT  shift 104
	TIMEOUT_RECV  shift 107
	NONBLOCK_RECV  shift 109
	TIMEOUT_PEEK  shift 108
	NONBLOCK_PEEK  shift 110
	TRUE  shift 102
	FALSE  shift 103
	'('  shift 106
	'['  shift 111
	.  error

	expr  goto 186
	arguments_one  goto 253

state 184
	expr:  NONBLOCK_PEEK '('.arguments_one ')' 

	IDENTIFIER  shift 100
	NUMBER  shift 101
	SUB  shift 105
	NOT  shift 104
	TIMEOUT_RECV  shift 107
	NONBLOCK_RECV  shift 109
	TIMEOUT_PEEK  shift 108
	NONBLOCK_PEEK  shift 110
	TRUE  shift 102
	FALSE  shift 103
	'('  shift 106
	'['  shift 111
	.  error

	expr  goto 186
	arguments_one  goto 254

state 185
	expr:  '[' arguments_one.']' 

	']'  shift 255
	.  error


state 186
	expr:  expr.ADD expr 
	expr:  expr.SUB expr 
	expr:  expr.MUL expr 
	expr:  expr.QUO expr 
	expr:  expr.REM expr 
	expr:  expr.AND expr 
	expr:  expr.OR expr 
	expr:  expr.XOR expr 
	expr:  expr.SHL expr 
	expr:  expr.SHR expr 
	expr:  expr.LAND expr 
	expr:  expr.LOR expr 
	expr:  expr.EQL expr 
	expr:  expr.LSS expr 
	expr:  expr.GTR expr 
	expr:  expr.NEQ expr 
	expr:  expr.LEQ expr 
	expr:  expr.GEQ expr 
	arguments_one:  expr.    (125)
	arguments_one:  expr.',' 
	arguments_one:  expr.',' arguments_one 

	ADD  shift 160
	SUB  shift 161
	MUL  shift 162
	QUO  shift 163
	REM  shift 164
	AND  shift 165
	OR  shift 166
	XOR  shift 167
	SHL  shift 168
	SHR  shift 169
	LAND  shift 170
	LOR  shift 171
	EQL  shift 172
	LSS  shift 173
	GTR  shift 174
	NEQ  shift 175
	LEQ  shift 176
	GEQ  shift 177
	','  shift 256
	.  reduce 125 (src line 664)


state 187
	type:  CHANNEL '{' types_one '}'.    (133)

	.  reduce 133 (src line 700)


state 188
	types_one:  type ','.    (129)
	types_one:  type ','.types_one 

	IDENTIFIER  shift 30
	CHANNEL  shift 32
	'['  shift 31
	.  reduce 129 (src line 683)

	types_one  goto 257
	type  goto 114

state 189
	type:  CHANNEL '[' ']' '{'.types_one '}' 

	IDENTIFIER  shift 30
	CHANNEL  shift 32
	'['  shift 31
	.  error

	types_one  goto 258
	type  goto 114

state 190
	type:  CHANNEL '[' expr ']'.'{' types_one '}' 

	'{'  shift 259
	.  error


state 191
	proc_def:  PROC IDENTIFIER '(' parameters_zero ')' '{'.statements_zero '}' ';' 
	statements_zero: .    (32)

	IDENTIFIER  shift 122
	NUMBER  shift 101
	SUB  shift 105
	NOT  shift 104
	CONST  shift 12
	VAR  shift 124
	IF  shift 125
	CHOICE  shift 126
	RECV  shift 127
	TIMEOUT_RECV  shift 107
	NONBLOCK_RECV  shift 109
	PEEK  shift 128
	TIMEOUT_PEEK  shift 108
	NONBLOCK_PEEK  shift 110
	SEND  shift 129
	FOR  shift 130
	BREAK  shift 131
	GOTO  shift 132
	SKIP  shift 133
	TRUE  shift 102
	FALSE  shift 103
	'{'  shift 123
	'('  shift 106
	'['  shift 111
	';'  shift 135
	.  reduce 32 (src line 273)

	const_def  goto 136
	statements_zero  goto 260
	statement  goto 121
	expr  goto 134

state 192
	fault_def:  FAULT SEND '(' parameters_one ')' tag.'{' statements_zero '}' ';' 

	'{'  shift 261
	.  error


state 193
	fault_def:  FAULT RECV '(' parameters_one ')' tag.'{' statements_zero '}' ';' 

	'{'  shift 262
	.  error


state 194
	fault_def:  FAULT BLOCK tag '{' statements_zero '}'.';' 

	';'  shift 263
	.  error


state 195
	statements_zero:  statement statements_zero.    (33)

	.  reduce 33 (src line 278)


state 196
	statement:  IDENTIFIER ':'.statement 

	IDENTIFIER  shift 122
	NUMBER  shift 101
	SUB  shift 105
	NOT  shift 104
	CONST  shift 12
	VAR  shift 124
	IF  shift 125
	CHOICE  shift 126
	RECV  shift 127
	TIMEOUT_RECV  shift 107
	NONBLOCK_RECV  shift 109
	PEEK  shift 128
	TIMEOUT_PEEK  shift 108
	NONBLOCK_PEEK  shift 110
	SEND  shift 129
	FOR  shift 130
	BREAK  shift 131
	GOTO  shift 132
	SKIP  shift 133
	TRUE  shift 102
	FALSE  shift 103
	'{'  shift 123
	'('  shift 106
	'['  shift 111
	';'  shift 135
	.  error

	const_def  goto 136
	statement  goto 264
	expr  goto 134

state 197
	statement:  IDENTIFIER ASSIGN.expr ';' 

	IDENTIFIER  shift 100
	NUMBER  shift 101
	SUB  shift 105
	NOT  shift 104
	TIMEOUT_RECV  shift 107
	NONBLOCK_RECV  shift 109
	TIMEOUT_PEEK  shift 108
	NONBLOCK_PEEK  shift 110
	TRUE  shift 102
	FALSE  shift 103
	'('  shift 106
	'['  shift 111
	.  error

	expr  goto 265

state 198
	statement:  IDENTIFIER ADD_ASSIGN.expr ';' 

	IDENTIFIER  shift 100
	NUMBER  shift 101
	SUB  shift 105
	NOT  shift 104
	TIMEOUT_RECV  shift 107
	NONBLOCK_RECV  shift 109
	TIMEOUT_PEEK  shift 108
	NONBLOCK_PEEK  shift 110
	TRUE  shift 102
	FALSE  shift 103
	'('  shift 106
	'['  shift 111
	.  error

	expr  goto 266

state 199
	statement:  IDENTIFIER SUB_ASSIGN.expr ';' 

	IDENTIFIER  shift 100
	NUMBER  shift 101
	SUB  shift 105
	NOT  shift 104
	TIMEOUT_RECV  shift 107
	NONBLOCK_RECV  shift 109
	TIMEOUT_PEEK  shift 108
	NONBLOCK_PEEK  shift 110
	TRUE  shift 102
	FALSE  shift 103
	'('  shift 106
	'['  shift 111
	.  error

	expr  goto 267

state 200
	statement:  IDENTIFIER MUL_ASSIGN.expr ';' 

	IDENTIFIER  shift 100
	NUMBER  shift 101
	SUB  shift 105
	NOT  shift 104
	TIMEOUT_RECV  shift 107
	NONBLOCK_RECV  shift 109
	TIMEOUT_PEEK  shift 108
	NONBLOCK_PEEK  shift 110
	TRUE  shift 102
	FALSE  shift 103
	'('  shift 106
	'['  shift 111
	.  error

	expr  goto 268

state 201
	statement:  IDENTIFIER QUO_ASSIGN.expr ';' 

	IDENTIFIER  shift 100
	NUMBER  shift 101
	SUB  shift 105
	NOT  shift 104
	TIMEOUT_RECV  shift 107
	NONBLOCK_RECV  shift 109
	TIMEOUT_PEEK  shift 108
	NONBLOCK_PEEK  shift 110
	TRUE  shift 102
	FALSE  shift 103
	'('  shift 106
	'['  shift 111
	.  error

	expr  goto 269

state 202
	statement:  IDENTIFIER REM_ASSIGN.expr ';' 

	IDENTIFIER  shift 100
	NUMBER  shift 101
	SUB  shift 105
	NOT  shift 104
	TIMEOUT_RECV  shift 107
	NONBLOCK_RECV  shift 109
	TIMEOUT_PEEK  shift 108
	NONBLOCK_PEEK  shift 110
	TRUE  shift 102
	FALSE  shift 103
	'('  shift 106
	'['  shift 111
	.  error

	expr  goto 270

state 203
	statement:  IDENTIFIER AND_ASSIGN.expr ';' 

	IDENTIFIER  shift 100
	NUMBER  shift 101
	SUB  shift 105
	NOT  shift 104
	TIMEOUT_RECV  shift 107
	NONBLOCK_RECV  shift 109
	TIMEOUT_PEEK  shift 108
	NONBLOCK_PEEK  shift 110
	TRUE  shift 102
	FALSE  shift 103
	'('  shift 106
	'['  shift 111
	.  error

	expr  goto 271

state 204
	statement:  IDENTIFIER OR_ASSIGN.expr ';' 

	IDENTIFIER  shift 100
	NUMBER  shift 101
	SUB  shift 105
	NOT  shift 104
	TIMEOUT_RECV  shift 107
	NONBLOCK_RECV  shift 109
	TIMEOUT_PEEK  shift 108
	NONBLOCK_PEEK  shift 110
	TRUE  shift 102
	FALSE  shift 103
	'('  shift 106
	'['  shift 111
	.  error

	expr  goto 272

state 205
	statement:  IDENTIFIER XOR_ASSIGN.expr ';' 

	IDENTIFIER  shift 100
	NUMBER  shift 101
	SUB  shift 105
	NOT  shift 104
	TIMEOUT_RECV  shift 107
	NONBLOCK_RECV  shift 109
	TIMEOUT_PEEK  shift 108
	NONBLOCK_PEEK  shift 110
	TRUE  shift 102
	FALSE  shift 103
	'('  shift 106
	'['  shift 111
	.  error

	expr  goto 273

state 206
	statement:  IDENTIFIER SHL_ASSIGN.expr ';' 

	IDENTIFIER  shift 100
	NUMBER  shift 101
	SUB  shift 105
	NOT  shift 104
	TIMEOUT_RECV  shift 107
	NONBLOCK_RECV  shift 109
	TIMEOUT_PEEK  shift 108
	NONBLOCK_PEEK  shift 110
	TRUE  shift 102
	FALSE  shift 103
	'('  shift 106
	'['  shift 111
	.  error

	expr  goto 274

state 207
	statement:  IDENTIFIER SHR_ASSIGN.expr ';' 

	IDENTIFIER  shift 100
	NUMBER  shift 101
	SUB  shift 105
	NOT  shift 104
	TIMEOUT_RECV  shift 107
	NONBLOCK_RECV  shift 109
	TIMEOUT_PEEK  shift 108
	NONBLOCK_PEEK  shift 110
	TRUE  shift 102
	FALSE  shift 103
	'('  shift 106
	'['  shift 111
	.  error

	expr  goto 275

state 208
	statement:  '{' statements_zero.'}' tags_zero ';' 

	'}'  shift 276
	.  error


state 209
	statement:  VAR IDENTIFIER.type ';' 
	statement:  VAR IDENTIFIER.type ASSIGN expr ';' 

	IDENTIFIER  shift 30
	CHANNEL  shift 32
	'['  shift 31
	.  error

	type  goto 277

state 210
	statement:  IF expr.'{' statements_zero '}' ';' 
	statement:  IF expr.'{' statements_zero '}' ELSE '{' statements_zero '}' ';' 
	expr:  expr.ADD expr 
	expr:  expr.SUB expr 
	expr:  expr.MUL expr 
	expr:  expr.QUO expr 
	expr:  expr.REM expr 
	expr:  expr.AND expr 
	expr:  expr.OR expr 
	expr:  expr.XOR expr 
	expr:  expr.SHL expr 
	expr:  expr.SHR expr 
	expr:  expr.LAND expr 
	expr:  expr.LOR expr 
	expr:  expr.EQL expr 
	expr:  expr.LSS expr 
	expr:  expr.GTR expr 
	expr:  expr.NEQ expr 
	expr:  expr.LEQ expr 
	expr:  expr.GEQ expr 

	ADD  shift 160
	SUB  shift 161
	MUL  shift 162
	QUO  shift 163
	REM  shift 164
	AND  shift 165
	OR  shift 166
	XOR  shift 167
	SHL  shift 168
	SHR  shift 169
	LAND  shift 170
	LOR  shift 171
	EQL  shift 172
	LSS  shift 173
	GTR  shift 174
	NEQ  shift 175
	LEQ  shift 176
	GEQ  shift 177
	'{'  shift 278
	.  error


state 211
	statement:  CHOICE blocks_one.';' 

	';'  shift 279
	.  error


state 212
	blocks_one:  '{'.statements_zero '}' 
	blocks_one:  '{'.statements_zero '}' ',' 
	blocks_one:  '{'.statements_zero '}' ',' blocks_one 
	statements_zero: .    (32)

	IDENTIFIER  shift 122
	NUMBER  shift 101
	SUB  shift 105
	NOT  shift 104
	CONST  shift 12
	VAR  shift 124
	IF  shift 125
	CHOICE  shift 126
	RECV  shift 127
	TIMEOUT_RECV  shift 107
	NONBLOCK_RECV  shift 109
	PEEK  shift 128
	TIMEOUT_PEEK  shift 108
	NONBLOCK_PEEK  shift 110
	SEND  shift 129
	FOR  shift 130
	BREAK  shift 131
	GOTO  shift 132
	SKIP  shift 133
	TRUE  shift 102
	FALSE  shift 103
	'{'  shift 123
	'('  shift 106
	'['  shift 111
	';'  shift 135
	.  reduce 32 (src line 273)

	const_def  goto 136
	statements_zero  goto 280
	statement  goto 121
	expr  goto 134

state 213
	statement:  RECV '('.arguments_one ')' tags_zero ';' 

	IDENTIFIER  shift 100
	NUMBER  shift 101
	SUB  shift 105
	NOT  shift 104
	TIMEOUT_RECV  shift 107
	NONBLOCK_RECV  shift 109
	TIMEOUT_PEEK  shift 108
	NONBLOCK_PEEK  shift 110
	TRUE  shift 102
	FALSE  shift 103
	'('  shift 106
	'['  shift 111
	.  error

	expr  goto 186
	arguments_one  goto 281

state 214
	statement:  PEEK '('.arguments_one ')' ';' 

	IDENTIFIER  shift 100
	NUMBER  shift 101
	SUB  shift 105
	NOT  shift 104
	TIMEOUT_RECV  shift 107
	NONBLOCK_RECV  shift 109
	TIMEOUT_PEEK  shift 108
	NONBLOCK_PEEK  shift 110
	TRUE  shift 102
	FALSE  shift 103
	'('  shift 106
	'['  shift 111
	.  error

	expr  goto 186
	arguments_one  goto 282

state 215
	statement:  SEND '('.arguments_one ')' tags_zero ';' 

	IDENTIFIER  shift 100
	NUMBER  shift 101
	SUB  shift 105
	NOT  shift 104
	TIMEOUT_RECV  shift 107
	NONBLOCK_RECV  shift 109
	TIMEOUT_PEEK  shift 108
	NONBLOCK_PEEK  shift 110
	TRUE  shift 102
	FALSE  shift 103
	'('  shift 106
	'['  shift 111
	.  error

	expr  goto 186
	arguments_one  goto 283

state 216
	statement:  FOR '{'.statements_zero '}' ';' 
	statements_zero: .    (32)

	IDENTIFIER  shift 122
	NUMBER  shift 101
	SUB  shift 105
	NOT  shift 104
	CONST  shift 12
	VAR  shift 124
	IF  shift 125
	CHOICE  shift 126
	RECV  shift 127
	TIMEOUT_RECV  shift 107
	NONBLOCK_RECV  shift 109
	PEEK  shift 128
	TIMEOUT_PEEK  shift 108
	NONBLOCK_PEEK  shift 110
	SEND  shift 129
	FOR  shift 130
	BREAK  shift 131
	GOTO  shift 132
	SKIP  shift 133
	TRUE  shift 102
	FALSE  shift 103
	'{'  shift 123
	'('  shift 106
	'['  shift 111
	';'  shift 135
	.  reduce 32 (src line 273)

	const_def  goto 136
	statements_zero  goto 284
	statement  goto 121
	expr  goto 134

state 217
	statement:  FOR IDENTIFIER.IN expr '{' statements_zero '}' ';' 
	statement:  FOR IDENTIFIER.IN RANGE expr TO expr '{' statements_zero '}' ';' 

	IN  shift 285
	.  error


state 218
	statement:  BREAK ';'.    (58)

	.  reduce 58 (src line 380)


state 219
	statement:  GOTO IDENTIFIER.';' 

	';'  shift 286
	.  error


state 220
	statement:  SKIP ';'.    (60)

	.  reduce 60 (src line 388)


state 221
	statement:  expr ';'.    (61)

	.  reduce 61 (src line 392)


state 222
	initvar:  IDENTIFIER ':' type tags_zero.    (30)

	.  reduce 30 (src line 264)


state 223
	tags_zero:  tags_one.    (137)

	.  reduce 137 (src line 718)


state 224
	tags_one:  tag.    (138)
	tags_one:  tag.tags_one 

	'@'  shift 37
	.  reduce 138 (src line 723)

	tags_one  goto 287
	tag  goto 224

state 225
	initvar:  IDENTIFIER ':' IDENTIFIER '('.arguments_one ')' tags_zero 

	IDENTIFIER  shift 100
	NUMBER  shift 101
	SUB  shift 105
	NOT  shift 104
	TIMEOUT_RECV  shift 107
	NONBLOCK_RECV  shift 109
	TIMEOUT_PEEK  shift 108
	NONBLOCK_PEEK  shift 110
	TRUE  shift 102
	FALSE  shift 103
	'('  shift 106
	'['  shift 111
	.  error

	expr  goto 186
	arguments_one  goto 288

state 226
	ltl_spec:  LTL '{' ltl_expr ';' '}' ';'.    (23)

	.  reduce 23 (src line 230)


state 227
	module_def:  MODULE IDENTIFIER '(' parameters_zero ')' '{' module_body_zero.'}' ';' 

	'}'  shift 289
	.  error


state 228
	module_body_zero:  module_body.module_body_zero 
	module_body_zero: .    (12)

	CONST  shift 12
	PROC  shift 13
	INIT  shift 15
	.  reduce 12 (src line 183)

	const_def  goto 229
	proc_def  goto 230
	init_block  goto 231
	module_body_zero  goto 290
	module_body  goto 228

state 229
	module_body:  const_def.    (14)

	.  reduce 14 (src line 193)


state 230
	module_body:  proc_def.    (15)

	.  reduce 15 (src line 195)


state 231
	module_body:  init_block.    (16)

	.  reduce 16 (src line 196)


state 232
	expr:  expr.ADD expr 
	expr:  expr ADD expr.    (71)
	expr:  expr.SUB expr 
	expr:  expr.MUL expr 
	expr:  expr.QUO expr 
	expr:  expr.REM expr 
	expr:  expr.AND expr 
	expr:  expr.OR expr 
	expr:  expr.XOR expr 
	expr:  expr.SHL expr 
	expr:  expr.SHR expr 
	expr:  expr.LAND expr 
	expr:  expr.LOR expr 
	expr:  expr.EQL expr 
	expr:  expr.LSS expr 
	expr:  expr.GTR expr 
	expr:  expr.NEQ expr 
	expr:  expr.LEQ expr 
	expr:  expr.GEQ expr 

	MUL  shift 162
	QUO  shift 163
	REM  shift 164
	AND  shift 165
	SHL  shift 168
	SHR  shift 169
	.  reduce 71 (src line 433)


state 233
	expr:  expr.ADD expr 
	expr:  expr.SUB expr 
	expr:  expr SUB expr.    (72)
	expr:  expr.MUL expr 
	expr:  expr.QUO expr 
	expr:  expr.REM expr 
	expr:  expr.AND expr 
	expr:  expr.OR expr 
	expr:  expr.XOR expr 
	expr:  expr.SHL expr 
	expr:  expr.SHR expr 
	expr:  expr.LAND expr 
	expr:  expr.LOR expr 
	expr:  expr.EQL expr 
	expr:  expr.LSS expr 
	expr:  expr.GTR expr 
	expr:  expr.NEQ expr 
	expr:  expr.LEQ expr 
	expr:  expr.GEQ expr 

	MUL  shift 162
	QUO  shift 163
	REM  shift 164
	AND  shift 165
	SHL  shift 168
	SHR  shift 169
	.  reduce 72 (src line 437)


state 234
	expr:  expr.ADD expr 
	expr:  expr.SUB expr 
	expr:  expr.MUL expr 
	expr:  expr MUL expr.    (73)
	expr:  expr.QUO expr 
	expr:  expr.REM expr 
	expr:  expr.AND expr 
	expr:  expr.OR expr 
	expr:  expr.XOR expr 
	expr:  expr.SHL expr 
	expr:  expr.SHR expr 
	expr:  expr.LAND expr 
	expr:  expr.LOR expr 
	expr:  expr.EQL expr 
	expr:  expr.LSS expr 
	expr:  expr.GTR expr 
	expr:  expr.NEQ expr 
	expr:  expr.LEQ expr 
	expr:  expr.GEQ expr 

	.  reduce 73 (src line 441)


state 235
	expr:  expr.ADD expr 
	expr:  expr.SUB expr 
	expr:  expr.MUL expr 
	expr:  expr.QUO expr 
	expr:  expr QUO expr.    (74)
	expr:  expr.REM expr 
	expr:  expr.AND expr 
	expr:  expr.OR expr 
	expr:  expr.XOR expr 
	expr:  expr.SHL expr 
	expr:  expr.SHR expr 
	expr:  expr.LAND expr 
	expr:  expr.LOR expr 
	expr:  expr.EQL expr 
	expr:  expr.LSS expr 
	expr:  expr.GTR expr 
	expr:  expr.NEQ expr 
	expr:  expr.LEQ expr 
	expr:  expr.GEQ expr 

	.  reduce 74 (src line 445)


state 236
	expr:  expr.ADD expr 
	expr:  expr.SUB expr 
	expr:  expr.MUL expr 
	expr:  expr.QUO expr 
	expr:  expr.REM expr 
	expr:  expr REM expr.    (75)
	expr:  expr.AND expr 
	expr:  expr.OR expr 
	expr:  expr.XOR expr 
	expr:  expr.SHL expr 
	expr:  expr.SHR expr 
	expr:  expr.LAND expr 
	expr:  expr.LOR expr 
	expr:  expr.EQL expr 
	expr:  expr.LSS expr 
	expr:  expr.GTR expr 
	expr:  expr.NEQ expr 
	expr:  expr.LEQ expr 
	expr:  expr.GEQ expr 

	.  reduce 75 (src line 449)


state 237
	expr:  expr.ADD expr 
	expr:  expr.SUB expr 
	expr:  expr.MUL expr 
	expr:  expr.QUO expr 
	expr:  expr.REM expr 
	expr:  expr.AND expr 
	expr:  expr AND expr.    (76)
	expr:  expr.OR expr 
	expr:  expr.XOR expr 
	expr:  expr.SHL expr 
	expr:  expr.SHR expr 
	expr:  expr.LAND expr 
	expr:  expr.LOR expr 
	expr:  expr.EQL expr 
	expr:  expr.LSS expr 
	expr:  expr.GTR expr 
	expr:  expr.NEQ expr 
	expr:  expr.LEQ expr 
	expr:  expr.GEQ expr 

	.  reduce 76 (src line 453)


state 238
	expr:  expr.ADD expr 
	expr:  expr.SUB expr 
	expr:  expr.MUL expr 
	expr:  expr.QUO expr 
	expr:  expr.REM expr 
	expr:  expr.AND expr 
	expr:  expr.OR expr 
	expr:  expr OR expr.    (77)
	expr:  expr.XOR expr 
	expr:  expr.SHL expr 
	expr:  expr.SHR expr 
	expr:  expr.LAND expr 
	expr:  expr.LOR expr 
	expr:  expr.EQL expr 
	expr:  expr.LSS expr 
	expr:  expr.GTR expr 
	expr:  expr.NEQ expr 
	expr:  expr.LEQ expr 
	expr:  expr.GEQ expr 

	MUL  shift 162
	QUO  shift 163
	REM  shift 164
	AND  shift 165
	SHL  shift 168
	SHR  shift 169
	.  reduce 77 (src line 457)


state 239
	expr:  expr.ADD expr 
	expr:  expr.SUB expr 
	expr:  expr.MUL expr 
	expr:  expr.QUO expr 
	expr:  expr.REM expr 
	expr:  expr.AND expr 
	expr:  expr.OR expr 
	expr:  expr.XOR expr 
	expr:  expr XOR expr.    (78)
	expr:  expr.SHL expr 
	expr:  expr.SHR expr 
	expr:  expr.LAND expr 
	expr:  expr.LOR expr 
	expr:  expr.EQL expr 
	expr:  expr.LSS expr 
	expr:  expr.GTR expr 
	expr:  expr.NEQ expr 
	expr:  expr.LEQ expr 
	expr:  expr.GEQ expr 

	MUL  shift 162
	QUO  shift 163
	REM  shift 164
	AND  shift 165
	SHL  shift 168
	SHR  shift 169
	.  reduce 78 (src line 461)


state 240
	expr:  expr.ADD expr 
	expr:  expr.SUB expr 
	expr:  expr.MUL expr 
	expr:  expr.QUO expr 
	expr:  expr.REM expr 
	expr:  expr.AND expr 
	expr:  expr.OR expr 
	expr:  expr.XOR expr 
	expr:  expr.SHL expr 
	expr:  expr SHL expr.    (79)
	expr:  expr.SHR expr 
	expr:  expr.LAND expr 
	expr:  expr.LOR expr 
	expr:  expr.EQL expr 
	expr:  expr.LSS expr 
	expr:  expr.GTR expr 
	expr:  expr.NEQ expr 
	expr:  expr.LEQ expr 
	expr:  expr.GEQ expr 

	.  reduce 79 (src line 465)


state 241
	expr:  expr.ADD expr 
	expr:  expr.SUB expr 
	expr:  expr.MUL expr 
	expr:  expr.QUO expr 
	expr:  expr.REM expr 
	expr:  expr.AND expr 
	expr:  expr.OR expr 
	expr:  expr.XOR expr 
	expr:  expr.SHL expr 
	expr:  expr.SHR expr 
	expr:  expr SHR expr.    (80)
	expr:  expr.LAND expr 
	expr:  expr.LOR expr 
	expr:  expr.EQL expr 
	expr:  expr.LSS expr 
	expr:  expr.GTR expr 
	expr:  expr.NEQ expr 
	expr:  expr.LEQ expr 
	expr:  expr.GEQ expr 

	.  reduce 80 (src line 469)


state 242
	expr:  expr.ADD expr 
	expr:  expr.SUB expr 
	expr:  expr.MUL expr 
	expr:  expr.QUO expr 
	expr:  expr.REM expr 
	expr:  expr.AND expr 
	expr:  expr.OR expr 
	expr:  expr.XOR expr 
	expr:  expr.SHL expr 
	expr:  expr.SHR expr 
	expr:  expr.LAND expr 
	expr:  expr LAND expr.    (81)
	expr:  expr.LOR expr 
	expr:  expr.EQL expr 
	expr:  expr.LSS expr 
	expr:  expr.GTR expr 
	expr:  expr.NEQ expr 
	expr:  expr.LEQ expr 
	expr:  expr.GEQ expr 

	ADD  shift 160
	SUB  shift 161
	MUL  shift 162
	QUO  shift 163
	REM  shift 164
	AND  shift 165
	OR  shift 166
	XOR  shift 167
	SHL  shift 168
	SHR  shift 169
	EQL  shift 172
	LSS  shift 173
	GTR  shift 174
	NEQ  shift 175
	LEQ  shift 176
	GEQ  shift 177
	.  reduce 81 (src line 473)


state 243
	expr:  expr.ADD expr 
	expr:  expr.SUB expr 
	expr:  expr.MUL expr 
	expr:  expr.QUO expr 
	expr:  expr.REM expr 
	expr:  expr.AND expr 
	expr:  expr.OR expr 
	expr:  expr.XOR expr 
	expr:  expr.SHL expr 
	expr:  expr.SHR expr 
	expr:  expr.LAND expr 
	expr:  expr.LOR expr 
	expr:  expr LOR expr.    (82)
	expr:  expr.EQL expr 
	expr:  expr.LSS expr 
	expr:  expr.GTR expr 
	expr:  expr.NEQ expr 
	expr:  expr.LEQ expr 
	expr:  expr.GEQ expr 

	ADD  shift 160
	SUB  shift 161
	MUL  shift 162
	QUO  shift 163
	REM  shift 164
	AND  shift 165
	OR  shift 166
	XOR  shift 167
	SHL  shift 168
	SHR  shift 169
	LAND  shift 170
	EQL  shift 172
	LSS  shift 173
	GTR  shift 174
	NEQ  shift 175
	LEQ  shift 176
	GEQ  shift 177
	.  reduce 82 (src line 477)


state 244
	expr:  expr.ADD expr 
	expr:  expr.SUB expr 
	expr:  expr.MUL expr 
	expr:  expr.QUO expr 
	expr:  expr.REM expr 
	expr:  expr.AND expr 
	expr:  expr.OR expr 
	expr:  expr.XOR expr 
	expr:  expr.SHL expr 
	expr:  expr.SHR expr 
	expr:  expr.LAND expr 
	expr:  expr.LOR expr 
	expr:  expr.EQL expr 
	expr:  expr EQL expr.    (83)
	expr:  expr.LSS expr 
	expr:  expr.GTR expr 
	expr:  expr.NEQ expr 
	expr:  expr.LEQ expr 
	expr:  expr.GEQ expr 

	ADD  shift 160
	SUB  shift 161
	MUL  shift 162
	QUO  shift 163
	REM  shift 164
	AND  shift 165
	OR  shift 166
	XOR  shift 167
	SHL  shift 168
	SHR  shift 169
	.  reduce 83 (src line 481)


state 245
	expr:  expr.ADD expr 
	expr:  expr.SUB expr 
	expr:  expr.MUL expr 
	expr:  expr.QUO expr 
	expr:  expr.REM expr 
	expr:  expr.AND expr 
	expr:  expr.OR expr 
	expr:  expr.XOR expr 
	expr:  expr.SHL expr 
	expr:  expr.SHR expr 
	expr:  expr.LAND expr 
	expr:  expr.LOR expr 
	expr:  expr.EQL expr 
	expr:  expr.LSS expr 
	expr:  expr LSS expr.    (84)
	expr:  expr.GTR expr 
	expr:  expr.NEQ expr 
	expr:  expr.LEQ expr 
	expr:  expr.GEQ expr 

	ADD  shift 160
	SUB  shift 161
	MUL  shift 162
	QUO  shift 163
	REM  shift 164
	AND  shift 165
	OR  shift 166
	XOR  shift 167
	SHL  shift 168
	SHR  shift 169
	.  reduce 84 (src line 485)


state 246
	expr:  expr.ADD expr 
	expr:  expr.SUB expr 
	expr:  expr.MUL expr 
	expr:  expr.QUO expr 
	expr:  expr.REM expr 
	expr:  expr.AND expr 
	expr:  expr.OR expr 
	expr:  expr.XOR expr 
	expr:  expr.SHL expr 
	expr:  expr.SHR expr 
	expr:  expr.LAND expr 
	expr:  expr.LOR expr 
	expr:  expr.EQL expr 
	expr:  expr.LSS expr 
	expr:  expr.GTR expr 
	expr:  expr GTR expr.    (85)
	expr:  expr.NEQ expr 
	expr:  expr.LEQ expr 
	expr:  expr.GEQ expr 

	ADD  shift 160
	SUB  shift 161
	MUL  shift 162
	QUO  shift 163
	REM  shift 164
	AND  shift 165
	OR  shift 166
	XOR  shift 167
	SHL  shift 168
	SHR  shift 169
	.  reduce 85 (src line 489)


state 247
	expr:  expr.ADD expr 
	expr:  expr.SUB expr 
	expr:  expr.MUL expr 
	expr:  expr.QUO expr 
	expr:  expr.REM expr 
	expr:  expr.AND expr 
	expr:  expr.OR expr 
	expr:  expr.XOR expr 
	expr:  expr.SHL expr 
	expr:  expr.SHR expr 
	expr:  expr.LAND expr 
	expr:  expr.LOR expr 
	expr:  expr.EQL expr 
	expr:  expr.LSS expr 
	expr:  expr.GTR expr 
	expr:  expr.NEQ expr 
	expr:  expr NEQ expr.    (86)
	expr:  expr.LEQ expr 
	expr:  expr.GEQ expr 

	ADD  shift 160
	SUB  shift 161
	MUL  shift 162
	QUO  shift 163
	REM  shift 164
	AND  shift 165
	OR  shift 166
	XOR  shift 167
	SHL  shift 168
	SHR  shift 169
	.  reduce 86 (src line 493)


state 248
	expr:  expr.ADD expr 
	expr:  expr.SUB expr 
	expr:  expr.MUL expr 
	expr:  expr.QUO expr 
	expr:  expr.REM expr 
	expr:  expr.AND expr 
	expr:  expr.OR expr 
	expr:  expr.XOR expr 
	expr:  expr.SHL expr 
	expr:  expr.SHR expr 
	expr:  expr.LAND expr 
	expr:  expr.LOR expr 
	expr:  expr.EQL expr 
	expr:  expr.LSS expr 
	expr:  expr.GTR expr 
	expr:  expr.NEQ expr 
	expr:  expr.LEQ expr 
	expr:  expr LEQ expr.    (87)
	expr:  expr.GEQ expr 

	ADD  shift 160
	SUB  shift 161
	MUL  shift 162
	QUO  shift 163
	REM  shift 164
	AND  shift 165
	OR  shift 166
	XOR  shift 167
	SHL  shift 168
	SHR  shift 169
	.  reduce 87 (src line 497)


state 249
	expr:  expr.ADD expr 
	expr:  expr.SUB expr 
	expr:  expr.MUL expr 
	expr:  expr.QUO expr 
	expr:  expr.REM expr 
	expr:  expr.AND expr 
	expr:  expr.OR expr 
	expr:  expr.XOR expr 
	expr:  expr.SHL expr 
	expr:  expr.SHR expr 
	expr:  expr.LAND expr 
	expr:  expr.LOR expr 
	expr:  expr.EQL expr 
	expr:  expr.LSS expr 
	expr:  expr.GTR expr 
	expr:  expr.NEQ expr 
	expr:  expr.LEQ expr 
	expr:  expr.GEQ expr 
	expr:  expr GEQ expr.    (88)

	ADD  shift 160
	SUB  shift 161
	MUL  shift 162
	QUO  shift 163
	REM  shift 164
	AND  shift 165
	OR  shift 166
	XOR  shift 167
	SHL  shift 168
	SHR  shift 169
	.  reduce 88 (src line 501)


state 250
	expr:  '(' expr ')'.    (70)

	.  reduce 70 (src line 429)


state 251
	expr:  TIMEOUT_RECV '(' arguments_one.')' 

	')'  shift 291
	.  error


state 252
	expr:  TIMEOUT_PEEK '(' arguments_one.')' 

	')'  shift 292
	.  error


state 253
	expr:  NONBLOCK_RECV '(' arguments_one.')' 

	')'  shift 293
	.  error


state 254
	expr:  NONBLOCK_PEEK '(' arguments_one.')' 

	')'  shift 294
	.  error


state 255
	expr:  '[' arguments_one ']'.    (93)

	.  reduce 93 (src line 521)


state 256
	arguments_one:  expr ','.    (126)
	arguments_one:  expr ','.arguments_one 

	IDENTIFIER  shift 100
	NUMBER  shift 101
	SUB  shift 105
	NOT  shift 104
	TIMEOUT_RECV  shift 107
	NONBLOCK_RECV  shift 109
	TIMEOUT_PEEK  shift 108
	NONBLOCK_PEEK  shift 110
	TRUE  shift 102
	FALSE  shift 103
	'('  shift 106
	'['  shift 111
	.  reduce 126 (src line 669)

	expr  goto 186
	arguments_one  goto 295

state 257
	types_one:  type ',' types_one.    (130)

	.  reduce 130 (src line 687)


state 258
	type:  CHANNEL '[' ']' '{' types_one.'}' 

	'}'  shift 296
	.  error


state 259
	type:  CHANNEL '[' expr ']' '{'.types_one '}' 

	IDENTIFIER  shift 30
	CHANNEL  shift 32
	'['  shift 31
	.  error

	types_one  goto 297
	type  goto 114

state 260
	proc_def:  PROC IDENTIFIER '(' parameters_zero ')' '{' statements_zero.'}' ';' 

	'}'  shift 298
	.  error


state 261
	fault_def:  FAULT SEND '(' parameters_one ')' tag '{'.statements_zero '}' ';' 
	statements_zero: .    (32)

	IDENTIFIER  shift 122
	NUMBER  shift 101
	SUB  shift 105
	NOT  shift 104
	CONST  shift 12
	VAR  shift 124
	IF  shift 125
	CHOICE  shift 126
	RECV  shift 127
	TIMEOUT_RECV  shift 107
	NONBLOCK_RECV  shift 109
	PEEK  shift 128
	TIMEOUT_PEEK  shift 108
	NONBLOCK_PEEK  shift 110
	SEND  shift 129
	FOR  shift 130
	BREAK  shift 131
	GOTO  shift 132
	SKIP  shift 133
	TRUE  shift 102
	FALSE  shift 103
	'{'  shift 123
	'('  shift 106
	'['  shift 111
	';'  shift 135
	.  reduce 32 (src line 273)

	const_def  goto 136
	statements_zero  goto 299
	statement  goto 121
	expr  goto 134

state 262
	fault_def:  FAULT RECV '(' parameters_one ')' tag '{'.statements_zero '}' ';' 
	statements_zero: .    (32)

	IDENTIFIER  shift 122
	NUMBER  shift 101
	SUB  shift 105
	NOT  shift 104
	CONST  shift 12
	VAR  shift 124
	IF  shift 125
	CHOICE  shift 126
	RECV  shift 127
	TIMEOUT_RECV  shift 107
	NONBLOCK_RECV  shift 109
	PEEK  shift 128
	TIMEOUT_PEEK  shift 108
	NONBLOCK_PEEK  shift 110
	SEND  shift 129
	FOR  shift 130
	BREAK  shift 131
	GOTO  shift 132
	SKIP  shift 133
	TRUE  shift 102
	FALSE  shift 103
	'{'  shift 123
	'('  shift 106
	'['  shift 111
	';'  shift 135
	.  reduce 32 (src line 273)

	const_def  goto 136
	statements_zero  goto 300
	statement  goto 121
	expr  goto 134

state 263
	fault_def:  FAULT BLOCK tag '{' statements_zero '}' ';'.    (21)

	.  reduce 21 (src line 219)


state 264
	statement:  IDENTIFIER ':' statement.    (34)

	.  reduce 34 (src line 283)


state 265
	statement:  IDENTIFIER ASSIGN expr.';' 
	expr:  expr.ADD expr 
	expr:  expr.SUB expr 
	expr:  expr.MUL expr 
	expr:  expr.QUO expr 
	expr:  expr.REM expr 
	expr:  expr.AND expr 
	expr:  expr.OR expr 
	expr:  expr.XOR expr 
	expr:  expr.SHL expr 
	expr:  expr.SHR expr 
	expr:  expr.LAND expr 
	expr:  expr.LOR expr 
	expr:  expr.EQL expr 
	expr:  expr.LSS expr 
	expr:  expr.GTR expr 
	expr:  expr.NEQ expr 
	expr:  expr.LEQ expr 
	expr:  expr.GEQ expr 

	ADD  shift 160
	SUB  shift 161
	MUL  shift 162
	QUO  shift 163
	REM  shift 164
	AND  shift 165
	OR  shift 166
	XOR  shift 167
	SHL  shift 168
	SHR  shift 169
	LAND  shift 170
	LOR  shift 171
	EQL  shift 172
	LSS  shift 173
	GTR  shift 174
	NEQ  shift 175
	LEQ  shift 176
	GEQ  shift 177
	';'  shift 301
	.  error


state 266
	statement:  IDENTIFIER ADD_ASSIGN expr.';' 
	expr:  expr.ADD expr 
	expr:  expr.SUB expr 
	expr:  expr.MUL expr 
	expr:  expr.QUO expr 
	expr:  expr.REM expr 
	expr:  expr.AND expr 
	expr:  expr.OR expr 
	expr:  expr.XOR expr 
	expr:  expr.SHL expr 
	expr:  expr.SHR expr 
	expr:  expr.LAND expr 
	expr:  expr.LOR expr 
	expr:  expr.EQL expr 
	expr:  expr.LSS expr 
	expr:  expr.GTR expr 
	expr:  expr.NEQ expr 
	expr:  expr.LEQ expr 
	expr:  expr.GEQ expr 

	ADD  shift 160
	SUB  shift 161
	MUL  shift 162
	QUO  shift 163
	REM  shift 164
	AND  shift 165
	OR  shift 166
	XOR  shift 167
	SHL  shift 168
	SHR  shift 169
	LAND  shift 170
	LOR  shift 171
	EQL  shift 172
	LSS  shift 173
	GTR  shift 174
	NEQ  shift 175
	LEQ  shift 176
	GEQ  shift 177
	';'  shift 302
	.  error


state 267
	statement:  IDENTIFIER SUB_ASSIGN expr.';' 
	expr:  expr.ADD expr 
	expr:  expr.SUB expr 
	expr:  expr.MUL expr 
	expr:  expr.QUO expr 
	expr:  expr.REM expr 
	expr:  expr.AND expr 
	expr:  expr.OR expr 
	expr:  expr.XOR expr 
	expr:  expr.SHL expr 
	expr:  expr.SHR expr 
	expr:  expr.LAND expr 
	expr:  expr.LOR expr 
	expr:  expr.EQL expr 
	expr:  expr.LSS expr 
	expr:  expr.GTR expr 
	expr:  expr.NEQ expr 
	expr:  expr.LEQ expr 
	expr:  expr.GEQ expr 

	ADD  shift 160
	SUB  shift 161
	MUL  shift 162
	QUO  shift 163
	REM  shift 164
	AND  shift 165
	OR  shift 166
	XOR  shift 167
	SHL  shift 168
	SHR  shift 169
	LAND  shift 170
	LOR  shift 171
	EQL  shift 172
	LSS  shift 173
	GTR  shift 174
	NEQ  shift 175
	LEQ  shift 176
	GEQ  shift 177
	';'  shift 303
	.  error


state 268
	statement:  IDENTIFIER MUL_ASSIGN expr.';' 
	expr:  expr.ADD expr 
	expr:  expr.SUB expr 
	expr:  expr.MUL expr 
	expr:  expr.QUO expr 
	expr:  expr.REM expr 
	expr:  expr.AND expr 
	expr:  expr.OR expr 
	expr:  expr.XOR expr 
	expr:  expr.SHL expr 
	expr:  expr.SHR expr 
	expr:  expr.LAND expr 
	expr:  expr.LOR expr 
	expr:  expr.EQL expr 
	expr:  expr.LSS expr 
	expr:  expr.GTR expr 
	expr:  expr.NEQ expr 
	expr:  expr.LEQ expr 
	expr:  expr.GEQ expr 

	ADD  shift 160
	SUB  shift 161
	MUL  shift 162
	QUO  shift 163
	REM  shift 164
	AND  shift 165
	OR  shift 166
	XOR  shift 167
	SHL  shift 168
	SHR  shift 169
	LAND  shift 170
	LOR  shift 171
	EQL  shift 172
	LSS  shift 173
	GTR  shift 174
	NEQ  shift 175
	LEQ  shift 176
	GEQ  shift 177
	';'  shift 304
	.  error


state 269
	statement:  IDENTIFIER QUO_ASSIGN expr.';' 
	expr:  expr.ADD expr 
	expr:  expr.SUB expr 
	expr:  expr.MUL expr 
	expr:  expr.QUO expr 
	expr:  expr.REM expr 
	expr:  expr.AND expr 
	expr:  expr.OR expr 
	expr:  expr.XOR expr 
	expr:  expr.SHL expr 
	expr:  expr.SHR expr 
	expr:  expr.LAND expr 
	expr:  expr.LOR expr 
	expr:  expr.EQL expr 
	expr:  expr.LSS expr 
	expr:  expr.GTR expr 
	expr:  expr.NEQ expr 
	expr:  expr.LEQ expr 
	expr:  expr.GEQ expr 

	ADD  shift 160
	SUB  shift 161
	MUL  shift 162
	QUO  shift 163
	REM  shift 164
	AND  shift 165
	OR  shift 166
	XOR  shift 167
	SHL  shift 168
	SHR  shift 169
	LAND  shift 170
	LOR  shift 171
	EQL  shift 172
	LSS  shift 173
	GTR  shift 174
	NEQ  shift 175
	LEQ  shift 176
	GEQ  shift 177
	';'  shift 305
	.  error


state 270
	statement:  IDENTIFIER REM_ASSIGN expr.';' 
	expr:  expr.ADD expr 
	expr:  expr.SUB expr 
	expr:  expr.MUL expr 
	expr:  expr.QUO expr 
	expr:  expr.REM expr 
	expr:  expr.AND expr 
	expr:  expr.OR expr 
	expr:  expr.XOR expr 
	expr:  expr.SHL expr 
	expr:  expr.SHR expr 
	expr:  expr.LAND expr 
	expr:  expr.LOR expr 
	expr:  expr.EQL expr 
	expr:  expr.LSS expr 
	expr:  expr.GTR expr 
	expr:  expr.NEQ expr 
	expr:  expr.LEQ expr 
	expr:  expr.GEQ expr 

	ADD  shift 160
	SUB  shift 161
	MUL  shift 162
	QUO  shift 163
	REM  shift 164
	AND  shift 165
	OR  shift 166
	XOR  shift 167
	SHL  shift 168
	SHR  shift 169
	LAND  shift 170
	LOR  shift 171
	EQL  shift 172
	LSS  shift 173
	GTR  shift 174
	NEQ  shift 175
	LEQ  shift 176
	GEQ  shift 177
	';'  shift 306
	.  error


state 271
	statement:  IDENTIFIER AND_ASSIGN expr.';' 
	expr:  expr.ADD expr 
	expr:  expr.SUB expr 
	expr:  expr.MUL expr 
	expr:  expr.QUO expr 
	expr:  expr.REM expr 
	expr:  expr.AND expr 
	expr:  expr.OR expr 
	expr:  expr.XOR expr 
	expr:  expr.SHL expr 
	expr:  expr.SHR expr 
	expr:  expr.LAND expr 
	expr:  expr.LOR expr 
	expr:  expr.EQL expr 
	expr:  expr.LSS expr 
	expr:  expr.GTR expr 
	expr:  expr.NEQ expr 
	expr:  expr.LEQ expr 
	expr:  expr.GEQ expr 

	ADD  shift 160
	SUB  shift 161
	MUL  shift 162
	QUO  shift 163
	REM  shift 164
	AND  shift 165
	OR  shift 166
	XOR  shift 167
	SHL  shift 168
	SHR  shift 169
	LAND  shift 170
	LOR  shift 171
	EQL  shift 172
	LSS  shift 173
	GTR  shift 174
	NEQ  shift 175
	LEQ  shift 176
	GEQ  shift 177
	';'  shift 307
	.  error


state 272
	statement:  IDENTIFIER OR_ASSIGN expr.';' 
	expr:  expr.ADD expr 
	expr:  expr.SUB expr 
	expr:  expr.MUL expr 
	expr:  expr.QUO expr 
	expr:  expr.REM expr 
	expr:  expr.AND expr 
	expr:  expr.OR expr 
	expr:  expr.XOR expr 
	expr:  expr.SHL expr 
	expr:  expr.SHR expr 
	expr:  expr.LAND expr 
	expr:  expr.LOR expr 
	expr:  expr.EQL expr 
	expr:  expr.LSS expr 
	expr:  expr.GTR expr 
	expr:  expr.NEQ expr 
	expr:  expr.LEQ expr 
	expr:  expr.GEQ expr 

	ADD  shift 160
	SUB  shift 161
	MUL  shift 162
	QUO  shift 163
	REM  shift 164
	AND  shift 165
	OR  shift 166
	XOR  shift 167
	SHL  shift 168
	SHR  shift 169
	LAND  shift 170
	LOR  shift 171
	EQL  shift 172
	LSS  shift 173
	GTR  shift 174
	NEQ  shift 175
	LEQ  shift 176
	GEQ  shift 177
	';'  shift 308
	.  error


state 273
	statement:  IDENTIFIER XOR_ASSIGN expr.';' 
	expr:  expr.ADD expr 
	expr:  expr.SUB expr 
	expr:  expr.MUL expr 
	expr:  expr.QUO expr 
	expr:  expr.REM expr 
	expr:  expr.AND expr 
	expr:  expr.OR expr 
	expr:  expr.XOR expr 
	expr:  expr.SHL expr 
	expr:  expr.SHR expr 
	expr:  expr.LAND expr 
	expr:  expr.LOR expr 
	expr:  expr.EQL expr 
	expr:  expr.LSS expr 
	expr:  expr.GTR expr 
	expr:  expr.NEQ expr 
	expr:  expr.LEQ expr 
	expr:  expr.GEQ expr 

	ADD  shift 160
	SUB  shift 161
	MUL  shift 162
	QUO  shift 163
	REM  shift 164
	AND  shift 165
	OR  shift 166
	XOR  shift 167
	SHL  shift 168
	SHR  shift 169
	LAND  shift 170
	LOR  shift 171
	EQL  shift 172
	LSS  shift 173
	GTR  shift 174
	NEQ  shift 175
	LEQ  shift 176
	GEQ  shift 177
	';'  shift 309
	.  error


state 274
	statement:  IDENTIFIER SHL_ASSIGN expr.';' 
	expr:  expr.ADD expr 
	expr:  expr.SUB expr 
	expr:  expr.MUL expr 
	expr:  expr.QUO expr 
	expr:  expr.REM expr 
	expr:  expr.AND expr 
	expr:  expr.OR expr 
	expr:  expr.XOR expr 
	expr:  expr.SHL expr 
	expr:  expr.SHR expr 
	expr:  expr.LAND expr 
	expr:  expr.LOR expr 
	expr:  expr.EQL expr 
	expr:  expr.LSS expr 
	expr:  expr.GTR expr 
	expr:  expr.NEQ expr 
	expr:  expr.LEQ expr 
	expr:  expr.GEQ expr 

	ADD  shift 160
	SUB  shift 161
	MUL  shift 162
	QUO  shift 163
	REM  shift 164
	AND  shift 165
	OR  shift 166
	XOR  shift 167
	SHL  shift 168
	SHR  shift 169
	LAND  shift 170
	LOR  shift 171
	EQL  shift 172
	LSS  shift 173
	GTR  shift 174
	NEQ  shift 175
	LEQ  shift 176
	GEQ  shift 177
	';'  shift 310
	.  error


state 275
	statement:  IDENTIFIER SHR_ASSIGN expr.';' 
	expr:  expr.ADD expr 
	expr:  expr.SUB expr 
	expr:  expr.MUL expr 
	expr:  expr.QUO expr 
	expr:  expr.REM expr 
	expr:  expr.AND expr 
	expr:  expr.OR expr 
	expr:  expr.XOR expr 
	expr:  expr.SHL expr 
	expr:  expr.SHR expr 
	expr:  expr.LAND expr 
	expr:  expr.LOR expr 
	expr:  expr.EQL expr 
	expr:  expr.LSS expr 
	expr:  expr.GTR expr 
	expr:  expr.NEQ expr 
	expr:  expr.LEQ expr 
	expr:  expr.GEQ expr 

	ADD  shift 160
	SUB  shift 161
	MUL  shift 162
	QUO  shift 163
	REM  shift 164
	AND  shift 165
	OR  shift 166
	XOR  shift 167
	SHL  shift 168
	SHR  shift 169
	LAND  shift 170
	LOR  shift 171
	EQL  shift 172
	LSS  shift 173
	GTR  shift 174
	NEQ  shift 175
	LEQ  shift 176
	GEQ  shift 177
	';'  shift 311
	.  error


state 276
	statement:  '{' statements_zero '}'.tags_zero ';' 
	tags_zero: .    (136)

	'@'  shift 37
	.  reduce 136 (src line 713)

	tags_zero  goto 312
	tags_one  goto 223
	tag  goto 224

state 277
	statement:  VAR IDENTIFIER type.';' 
	statement:  VAR IDENTIFIER type.ASSIGN expr ';' 

	ASSIGN  shift 314
	';'  shift 313
	.  error


state 278
	statement:  IF expr '{'.statements_zero '}' ';' 
	statement:  IF expr '{'.statements_zero '}' ELSE '{' statements_zero '}' ';' 
	statements_zero: .    (32)

	IDENTIFIER  shift 122
	NUMBER  shift 101
	SUB  shift 105
	NOT  shift 104
	CONST  shift 12
	VAR  shift 124
	IF  shift 125
	CHOICE  shift 126
	RECV  shift 127
	TIMEOUT_RECV  shift 107
	NONBLOCK_RECV  shift 109
	PEEK  shift 128
	TIMEOUT_PEEK  shift 108
	NONBLOCK_PEEK  shift 110
	SEND  shift 129
	FOR  shift 130
	BREAK  shift 131
	GOTO  shift 132
	SKIP  shift 133
	TRUE  shift 102
	FALSE  shift 103
	'{'  shift 123
	'('  shift 106
	'['  shift 111
	';'  shift 135
	.  reduce 32 (src line 273)

	const_def  goto 136
	statements_zero  goto 315
	statement  goto 121
	expr  goto 134

state 279
	statement:  CHOICE blocks_one ';'.    (51)

	.  reduce 51 (src line 352)


state 280
	blocks_one:  '{' statements_zero.'}' 
	blocks_one:  '{' statements_zero.'}' ',' 
	blocks_one:  '{' statements_zero.'}' ',' blocks_one 

	'}'  shift 316
	.  error


state 281
	statement:  RECV '(' arguments_one.')' tags_zero ';' 

	')'  shift 317
	.  error


state 282
	statement:  PEEK '(' arguments_one.')' ';' 

	')'  shift 318
	.  error


state 283
	statement:  SEND '(' arguments_one.')' tags_zero ';' 

	')'  shift 319
	.  error


state 284
	statement:  FOR '{' statements_zero.'}' ';' 

	'}'  shift 320
	.  error


state 285
	statement:  FOR IDENTIFIER IN.expr '{' statements_zero '}' ';' 
	statement:  FOR IDENTIFIER IN.RANGE expr TO expr '{' statements_zero '}' ';' 

	IDENTIFIER  shift 100
	NUMBER  shift 101
	SUB  shift 105
	NOT  shift 104
	TIMEOUT_RECV  shift 107
	NONBLOCK_RECV  shift 109
	TIMEOUT_PEEK  shift 108
	NONBLOCK_PEEK  shift 110
	RANGE  shift 322
	TRUE  shift 102
	FALSE  shift 103
	'('  shift 106
	'['  shift 111
	.  error

	expr  goto 321

state 286
	statement:  GOTO IDENTIFIER ';'.    (59)

	.  reduce 59 (src line 384)


state 287
	tags_one:  tag tags_one.    (139)

	.  reduce 139 (src line 728)


state 288
	initvar:  IDENTIFIER ':' IDENTIFIER '(' arguments_one.')' tags_zero 

	')'  shift 323
	.  error


state 289
	module_def:  MODULE IDENTIFIER '(' parameters_zero ')' '{' module_body_zero '}'.';' 

	';'  shift 324
	.  error


state 290
	module_body_zero:  module_body module_body_zero.    (13)

	.  reduce 13 (src line 188)


state 291
	expr:  TIMEOUT_RECV '(' arguments_one ')'.    (89)

	.  reduce 89 (src line 505)


state 292
	expr:  TIMEOUT_PEEK '(' arguments_one ')'.    (90)

	.  reduce 90 (src line 509)


state 293
	expr:  NONBLOCK_RECV '(' arguments_one ')'.    (91)

	.  reduce 91 (src line 513)


state 294
	expr:  NONBLOCK_PEEK '(' arguments_one ')'.    (92)

	.  reduce 92 (src line 517)


state 295
	arguments_one:  expr ',' arguments_one.    (127)

	.  reduce 127 (src line 673)


state 296
	type:  CHANNEL '[' ']' '{' types_one '}'.    (134)

	.  reduce 134 (src line 704)


state 297
	type:  CHANNEL '[' expr ']' '{' types_one.'}' 

	'}'  shift 325
	.  error


state 298
	proc_def:  PROC IDENTIFIER '(' parameters_zero ')' '{' statements_zero '}'.';' 

	';'  shift 326
	.  error


state 299
	fault_def:  FAULT SEND '(' parameters_one ')' tag '{' statements_zero.'}' ';' 

	'}'  shift 327
	.  error


state 300
	fault_def:  FAULT RECV '(' parameters_one ')' tag '{' statements_zero.'}' ';' 

	'}'  shift 328
	.  error


state 301
	statement:  IDENTIFIER ASSIGN expr ';'.    (40)

	.  reduce 40 (src line 308)


state 302
	statement:  IDENTIFIER ADD_ASSIGN expr ';'.    (41)

	.  reduce 41 (src line 312)


state 303
	statement:  IDENTIFIER SUB_ASSIGN expr ';'.    (42)

	.  reduce 42 (src line 316)


state 304
	statement:  IDENTIFIER MUL_ASSIGN expr ';'.    (43)

	.  reduce 43 (src line 320)


state 305
	statement:  IDENTIFIER QUO_ASSIGN expr ';'.    (44)

	.  reduce 44 (src line 324)


state 306
	statement:  IDENTIFIER REM_ASSIGN expr ';'.    (45)

	.  reduce 45 (src line 328)


state 307
	statement:  IDENTIFIER AND_ASSIGN expr ';'.    (46)

	.  reduce 46 (src line 332)


state 308
	statement:  IDENTIFIER OR_ASSIGN expr ';'.    (47)

	.  reduce 47 (src line 336)


state 309
	statement:  IDENTIFIER XOR_ASSIGN expr ';'.    (48)

	.  reduce 48 (src line 340)


state 310
	statement:  IDENTIFIER SHL_ASSIGN expr ';'.    (49)

	.  reduce 49 (src line 344)


state 311
	statement:  IDENTIFIER SHR_ASSIGN expr ';'.    (50)

	.  reduce 50 (src line 348)


state 312
	statement:  '{' statements_zero '}' tags_zero.';' 

	';'  shift 329
	.  error


state 313
	statement:  VAR IDENTIFIER type ';'.    (36)

	.  reduce 36 (src line 292)


state 314
	statement:  VAR IDENTIFIER type ASSIGN.expr ';' 

	IDENTIFIER  shift 100
	NUMBER  shift 101
	SUB  shift 105
	NOT  shift 104
	TIMEOUT_RECV  shift 107
	NONBLOCK_RECV  shift 109
	TIMEOUT_PEEK  shift 108
	NONBLOCK_PEEK  shift 110
	TRUE  shift 102
	FALSE  shift 103
	'('  shift 106
	'['  shift 111
	.  error

	expr  goto 330

state 315
	statement:  IF expr '{' statements_zero.'}' ';' 
	statement:  IF expr '{' statements_zero.'}' ELSE '{' statements_zero '}' ';' 

	'}'  shift 331
	.  error


state 316
	blocks_one:  '{' statements_zero '}'.    (141)
	blocks_one:  '{' statements_zero '}'.',' 
	blocks_one:  '{' statements_zero '}'.',' blocks_one 

	','  shift 332
	.  reduce 141 (src line 739)


state 317
	statement:  RECV '(' arguments_one ')'.tags_zero ';' 
	tags_zero: .    (136)

	'@'  shift 37
	.  reduce 136 (src line 713)

	tags_zero  goto 333
	tags_one  goto 223
	tag  goto 224

state 318
	statement:  PEEK '(' arguments_one ')'.';' 

	';'  shift 334
	.  error


state 319
	statement:  SEND '(' arguments_one ')'.tags_zero ';' 
	tags_zero: .    (136)

	'@'  shift 37
	.  reduce 136 (src line 713)

	tags_zero  goto 335
	tags_one  goto 223
	tag  goto 224

state 320
	statement:  FOR '{' statements_zero '}'.';' 

	';'  shift 336
	.  error


state 321
	statement:  FOR IDENTIFIER IN expr.'{' statements_zero '}' ';' 
	expr:  expr.ADD expr 
	expr:  expr.SUB expr 
	expr:  expr.MUL expr 
	expr:  expr.QUO expr 
	expr:  expr.REM expr 
	expr:  expr.AND expr 
	expr:  expr.OR expr 
	expr:  expr.XOR expr 
	expr:  expr.SHL expr 
	expr:  expr.SHR expr 
	expr:  expr.LAND expr 
	expr:  expr.LOR expr 
	expr:  expr.EQL expr 
	expr:  expr.LSS expr 
	expr:  expr.GTR expr 
	expr:  expr.NEQ expr 
	expr:  expr.LEQ expr 
	expr:  expr.GEQ expr 

	ADD  shift 160
	SUB  shift 161
	MUL  shift 162
	QUO  shift 163
	REM  shift 164
	AND  shift 165
	OR  shift 166
	XOR  shift 167
	SHL  shift 168
	SHR  shift 169
	LAND  shift 170
	LOR  shift 171
	EQL  shift 172
	LSS  shift 173
	GTR  shift 174
	NEQ  shift 175
	LEQ  shift 176
	GEQ  shift 177
	'{'  shift 337
	.  error


state 322
	statement:  FOR IDENTIFIER IN RANGE.expr TO expr '{' statements_zero '}' ';' 

	IDENTIFIER  shift 100
	NUMBER  shift 101
	SUB  shift 105
	NOT  shift 104
	TIMEOUT_RECV  shift 107
	NONBLOCK_RECV  shift 109
	TIMEOUT_PEEK  shift 108
	NONBLOCK_PEEK  shift 110
	TRUE  shift 102
	FALSE  shift 103
	'('  shift 106
	'['  shift 111
	.  error

	expr  goto 338

state 323
	initvar:  IDENTIFIER ':' IDENTIFIER '(' arguments_one ')'.tags_zero 
	tags_zero: .    (136)

	'@'  shift 37
	.  reduce 136 (src line 713)

	tags_zero  goto 339
	tags_one  goto 223
	tag  goto 224

state 324
	module_def:  MODULE IDENTIFIER '(' parameters_zero ')' '{' module_body_zero '}' ';'.    (11)

	.  reduce 11 (src line 177)


state 325
	type:  CHANNEL '[' expr ']' '{' types_one '}'.    (135)

	.  reduce 135 (src line 708)


state 326
	proc_def:  PROC IDENTIFIER '(' parameters_zero ')' '{' statements_zero '}' ';'.    (18)

	.  reduce 18 (src line 204)


state 327
	fault_def:  FAULT SEND '(' parameters_one ')' tag '{' statements_zero '}'.';' 

	';'  shift 340
	.  error


state 328
	fault_def:  FAULT RECV '(' parameters_one ')' tag '{' statements_zero '}'.';' 

	';'  shift 341
	.  error


state 329
	statement:  '{' statements_zero '}' tags_zero ';'.    (35)

	.  reduce 35 (src line 288)


state 330
	statement:  VAR IDENTIFIER type ASSIGN expr.';' 
	expr:  expr.ADD expr 
	expr:  expr.SUB expr 
	expr:  expr.MUL expr 
	expr:  expr.QUO expr 
	expr:  expr.REM expr 
	expr:  expr.AND expr 
	expr:  expr.OR expr 
	expr:  expr.XOR expr 
	expr:  expr.SHL expr 
	expr:  expr.SHR expr 
	expr:  expr.LAND expr 
	expr:  expr.LOR expr 
	expr:  expr.EQL expr 
	expr:  expr.LSS expr 
	expr:  expr.GTR expr 
	expr:  expr.NEQ expr 
	expr:  expr.LEQ expr 
	expr:  expr.GEQ expr 

	ADD  shift 160
	SUB  shift 161
	MUL  shift 162
	QUO  shift 163
	REM  shift 164
	AND  shift 165
	OR  shift 166
	XOR  shift 167
	SHL  shift 168
	SHR  shift 169
	LAND  shift 170
	LOR  shift 171
	EQL  shift 172
	LSS  shift 173
	GTR  shift 174
	NEQ  shift 175
	LEQ  shift 176
	GEQ  shift 177
	';'  shift 342
	.  error


state 331
	statement:  IF expr '{' statements_zero '}'.';' 
	statement:  IF expr '{' statements_zero '}'.ELSE '{' statements_zero '}' ';' 

	ELSE  shift 344
	';'  shift 343
	.  error


state 332
	blocks_one:  '{' statements_zero '}' ','.    (142)
	blocks_one:  '{' statements_zero '}' ','.blocks_one 

	'{'  shift 212
	.  reduce 142 (src line 744)

	blocks_one  goto 345

state 333
	statement:  RECV '(' arguments_one ')' tags_zero.';' 

	';'  shift 346
	.  error


state 334
	statement:  PEEK '(' arguments_one ')' ';'.    (53)

	.  reduce 53 (src line 360)


state 335
	statement:  SEND '(' arguments_one ')' tags_zero.';' 

	';'  shift 347
	.  error


state 336
	statement:  FOR '{' statements_zero '}' ';'.    (55)

	.  reduce 55 (src line 368)


state 337
	statement:  FOR IDENTIFIER IN expr '{'.statements_zero '}' ';' 
	statements_zero: .    (32)

	IDENTIFIER  shift 122
	NUMBER  shift 101
	SUB  shift 105
	NOT  shift 104
	CONST  shift 12
	VAR  shift 124
	IF  shift 125
	CHOICE  shift 126
	RECV  shift 127
	TIMEOUT_RECV  shift 107
	NONBLOCK_RECV  shift 109
	PEEK  shift 128
	TIMEOUT_PEEK  shift 108
	NONBLOCK_PEEK  shift 110
	SEND  shift 129
	FOR  shift 130
	BREAK  shift 131
	GOTO  shift 132
	SKIP  shift 133
	TRUE  shift 102
	FALSE  shift 103
	'{'  shift 123
	'('  shift 106
	'['  shift 111
	';'  shift 135
	.  reduce 32 (src line 273)

	const_def  goto 136
	statements_zero  goto 348
	statement  goto 121
	expr  goto 134

state 338
	statement:  FOR IDENTIFIER IN RANGE expr.TO expr '{' statements_zero '}' ';' 
	expr:  expr.ADD expr 
	expr:  expr.SUB expr 
	expr:  expr.MUL expr 
	expr:  expr.QUO expr 
	expr:  expr.REM expr 
	expr:  expr.AND expr 
	expr:  expr.OR expr 
	expr:  expr.XOR expr 
	expr:  expr.SHL expr 
	expr:  expr.SHR expr 
	expr:  expr.LAND expr 
	expr:  expr.LOR expr 
	expr:  expr.EQL expr 
	expr:  expr.LSS expr 
	expr:  expr.GTR expr 
	expr:  expr.NEQ expr 
	expr:  expr.LEQ expr 
	expr:  expr.GEQ expr 

	ADD  shift 160
	SUB  shift 161
	MUL  shift 162
	QUO  shift 163
	REM  shift 164
	AND  shift 165
	OR  shift 166
	XOR  shift 167
	SHL  shift 168
	SHR  shift 169
	LAND  shift 170
	LOR  shift 171
	EQL  shift 172
	LSS  shift 173
	GTR  shift 174
	NEQ  shift 175
	LEQ  shift 176
	GEQ  shift 177
	TO  shift 349
	.  error


state 339
	initvar:  IDENTIFIER ':' IDENTIFIER '(' arguments_one ')' tags_zero.    (31)

	.  reduce 31 (src line 268)


state 340
	fault_def:  FAULT SEND '(' parameters_one ')' tag '{' statements_zero '}' ';'.    (19)

	.  reduce 19 (src line 210)


state 341
	fault_def:  FAULT RECV '(' parameters_one ')' tag '{' statements_zero '}' ';'.    (20)

	.  reduce 20 (src line 215)


state 342
	statement:  VAR IDENTIFIER type ASSIGN expr ';'.    (37)

	.  reduce 37 (src line 296)


state 343
	statement:  IF expr '{' statements_zero '}' ';'.    (38)

	.  reduce 38 (src line 300)


state 344
	statement:  IF expr '{' statements_zero '}' ELSE.'{' statements_zero '}' ';' 

	'{'  shift 350
	.  error


state 345
	blocks_one:  '{' statements_zero '}' ',' blocks_one.    (143)

	.  reduce 143 (src line 748)


state 346
	statement:  RECV '(' arguments_one ')' tags_zero ';'.    (52)

	.  reduce 52 (src line 356)


state 347
	statement:  SEND '(' arguments_one ')' tags_zero ';'.    (54)

	.  reduce 54 (src line 364)


state 348
	statement:  FOR IDENTIFIER IN expr '{' statements_zero.'}' ';' 

	'}'  shift 351
	.  error


state 349
	statement:  FOR IDENTIFIER IN RANGE expr TO.expr '{' statements_zero '}' ';' 

	IDENTIFIER  shift 100
	NUMBER  shift 101
	SUB  shift 105
	NOT  shift 104
	TIMEOUT_RECV  shift 107
	NONBLOCK_RECV  shift 109
	TIMEOUT_PEEK  shift 108
	NONBLOCK_PEEK  shift 110
	TRUE  shift 102
	FALSE  shift 103
	'('  shift 106
	'['  shift 111
	.  error

	expr  goto 352

state 350
	statement:  IF expr '{' statements_zero '}' ELSE '{'.statements_zero '}' ';' 
	statements_zero: .    (32)

	IDENTIFIER  shift 122
	NUMBER  shift 101
	SUB  shift 105
	NOT  shift 104
	CONST  shift 12
	VAR  shift 124
	IF  shift 125
	CHOICE  shift 126
	RECV  shift 127
	TIMEOUT_RECV  shift 107
	NONBLOCK_RECV  shift 109
	PEEK  shift 128
	TIMEOUT_PEEK  shift 108
	NONBLOCK_PEEK  shift 110
	SEND  shift 129
	FOR  shift 130
	BREAK  shift 131
	GOTO  shift 132
	SKIP  shift 133
	TRUE  shift 102
	FALSE  shift 103
	'{'  shift 123
	'('  shift 106
	'['  shift 111
	';'  shift 135
	.  reduce 32 (src line 273)

	const_def  goto 136
	statements_zero  goto 353
	statement  goto 121
	expr  goto 134

state 351
	statement:  FOR IDENTIFIER IN expr '{' statements_zero '}'.';' 

	';'  shift 354
	.  error


state 352
	statement:  FOR IDENTIFIER IN RANGE expr TO expr.'{' statements_zero '}' ';' 
	expr:  expr.ADD expr 
	expr:  expr.SUB expr 
	expr:  expr.MUL expr 
	expr:  expr.QUO expr 
	expr:  expr.REM expr 
	expr:  expr.AND expr 
	expr:  expr.OR expr 
	expr:  expr.XOR expr 
	expr:  expr.SHL expr 
	expr:  expr.SHR expr 
	expr:  expr.LAND expr 
	expr:  expr.LOR expr 
	expr:  expr.EQL expr 
	expr:  expr.LSS expr 
	expr:  expr.GTR expr 
	expr:  expr.NEQ expr 
	expr:  expr.LEQ expr 
	expr:  expr.GEQ expr 

	ADD  shift 160
	SUB  shift 161
	MUL  shift 162
	QUO  shift 163
	REM  shift 164
	AND  shift 165
	OR  shift 166
	XOR  shift 167
	SHL  shift 168
	SHR  shift 169
	LAND  shift 170
	LOR  shift 171
	EQL  shift 172
	LSS  shift 173
	GTR  shift 174
	NEQ  shift 175
	LEQ  shift 176
	GEQ  shift 177
	'{'  shift 355
	.  error


state 353
	statement:  IF expr '{' statements_zero '}' ELSE '{' statements_zero.'}' ';' 

	'}'  shift 356
	.  error


state 354
	statement:  FOR IDENTIFIER IN expr '{' statements_zero '}' ';'.    (56)

	.  reduce 56 (src line 372)


state 355
	statement:  FOR IDENTIFIER IN RANGE expr TO expr '{'.statements_zero '}' ';' 
	statements_zero: .    (32)

	IDENTIFIER  shift 122
	NUMBER  shift 101
	SUB  shift 105
	NOT  shift 104
	CONST  shift 12
	VAR  shift 124
	IF  shift 125
	CHOICE  shift 126
	RECV  shift 127
	TIMEOUT_RECV  shift 107
	NONBLOCK_RECV  shift 109
	PEEK  shift 128
	TIMEOUT_PEEK  shift 108
	NONBLOCK_PEEK  shift 110
	SEND  shift 129
	FOR  shift 130
	BREAK  shift 131
	GOTO  shift 132
	SKIP  shift 133
	TRUE  shift 102
	FALSE  shift 103
	'{'  shift 123
	'('  shift 106
	'['  shift 111
	';'  shift 135
	.  reduce 32 (src line 273)

	const_def  goto 136
	statements_zero  goto 357
	statement  goto 121
	expr  goto 134

state 356
	statement:  IF expr '{' statements_zero '}' ELSE '{' statements_zero '}'.';' 

	';'  shift 358
	.  error


state 357
	statement:  FOR IDENTIFIER IN RANGE expr TO expr '{' statements_zero.'}' ';' 

	'}'  shift 359
	.  error


state 358
	statement:  IF expr '{' statements_zero '}' ELSE '{' statements_zero '}' ';'.    (39)

	.  reduce 39 (src line 304)


state 359
	statement:  FOR IDENTIFIER IN RANGE expr TO expr '{' statements_zero '}'.';' 

	';'  shift 360
	.  error


state 360
	statement:  FOR IDENTIFIER IN RANGE expr TO expr '{' statements_zero '}' ';'.    (57)

	.  reduce 57 (src line 376)


90 terminals, 31 nonterminals
144 grammar rules, 361/2000 states
0 shift/reduce, 0 reduce/reduce conflicts reported
80 working sets used
memory: parser 242/30000
134 extra closures
1871 shift entries, 1 exceptions
153 goto entries
80 entries saved by goto default
Optimizer space used: output 1042/30000
1042 table entries, 180 zero
maximum spread: 90, maximum offset: 355
